
🔔口袋书店, 开始!

====================共27个京东账号Cookie=========

==================脚本执行- 北京时间(UTC+8)：2021/7/20 下午12:02:40=====================

开始获取口袋书店配置文件

共27个京东账号

您提供了0个账号的口袋书店助力码


******开始【京东账号1】战乄无情*********

由于您第1个京东账号未提供shareCode,将采纳本脚本自带的助力码

第1个京东账号将要助力的好友["28a699ac78d74aa3b31f7103597f8927","dbffb1e337174317a6482c237a871bfd","2f14ee9c92954cf79829320dd482bf49","fdf827db272543d88dbb51a505c2e869","ce2536153a8742fb9e8754a9a7d361da","38ba4e7ba8074b78851e928af2b4f6b2"]
用户【战乄无情】信息获取成功

【京东账号1（353756645）的口袋书店好友互助码】6dc7331201b74286acfdbbb5790b4b50

去做每日签到任务
任务完成成功，获得100积分
今日助力情况0/10
拥有100积分，可购买10本
购买【云中记】成功
去助力好友28a699ac78d74aa3b31f7103597f8927
去助力好友dbffb1e337174317a6482c237a871bfd
去助力好友2f14ee9c92954cf79829320dd482bf49
去助力好友fdf827db272543d88dbb51a505c2e869
去助力好友ce2536153a8742fb9e8754a9a7d361da
口袋书店 API请求失败，请检查网路重试
去助力好友38ba4e7ba8074b78851e928af2b4f6b2

==============📣系统通知📣==============
口袋书店
京东账号1战乄无情
本次运行获得积分100

******开始【京东账号2】麻辣兔叽头头*********

由于您第2个京东账号未提供shareCode,将采纳本脚本自带的助力码

第2个京东账号将要助力的好友["28a699ac78d74aa3b31f7103597f8927","dbffb1e337174317a6482c237a871bfd","2f14ee9c92954cf79829320dd482bf49","fdf827db272543d88dbb51a505c2e869"]
用户【麻辣兔叽头头】信息获取成功
京东账号2尚未开启口袋书店，请手动开启

提示：从五月份开始，需要手动进入一下活动页面。不然即使是开启了这个活动。跑脚本也提示未开启活动


******开始【京东账号3】e-ver3537*********

由于您第3个京东账号未提供shareCode,将采纳本脚本自带的助力码

第3个京东账号将要助力的好友["28a699ac78d74aa3b31f7103597f8927","dbffb1e337174317a6482c237a871bfd","2f14ee9c92954cf79829320dd482bf49","fdf827db272543d88dbb51a505c2e869"]
用户【e-ver3537】信息获取成功
京东账号3尚未开启口袋书店，请手动开启

提示：从五月份开始，需要手动进入一下活动页面。不然即使是开启了这个活动。跑脚本也提示未开启活动


******开始【京东账号4】家里小号略略略*********

由于您第4个京东账号未提供shareCode,将采纳本脚本自带的助力码

第4个京东账号将要助力的好友["28a699ac78d74aa3b31f7103597f8927","dbffb1e337174317a6482c237a871bfd","2f14ee9c92954cf79829320dd482bf49","fdf827db272543d88dbb51a505c2e869"]
用户【家里小号略略略】信息获取成功
京东账号4尚未开启口袋书店，请手动开启

提示：从五月份开始，需要手动进入一下活动页面。不然即使是开启了这个活动。跑脚本也提示未开启活动


******开始【京东账号5】jd_186042zag*********

由于您第5个京东账号未提供shareCode,将采纳本脚本自带的助力码

第5个京东账号将要助力的好友["28a699ac78d74aa3b31f7103597f8927","dbffb1e337174317a6482c237a871bfd","2f14ee9c92954cf79829320dd482bf49","fdf827db272543d88dbb51a505c2e869"]
用户【jd_186042zag】信息获取成功
口袋书店 API请求失败，请检查网路重试
口袋书店 API请求失败，请检查网路重试
京东账号5尚未开启口袋书店，请手动开启

提示：从五月份开始，需要手动进入一下活动页面。不然即使是开启了这个活动。跑脚本也提示未开启活动

去助力好友28a699ac78d74aa3b31f7103597f8927
京东账号5尚未开启口袋书店，请手动开启

提示：从五月份开始，需要手动进入一下活动页面。不然即使是开启了这个活动。跑脚本也提示未开启活动

去助力好友dbffb1e337174317a6482c237a871bfd
京东账号5尚未开启口袋书店，请手动开启

提示：从五月份开始，需要手动进入一下活动页面。不然即使是开启了这个活动。跑脚本也提示未开启活动

去助力好友2f14ee9c92954cf79829320dd482bf49
京东账号5尚未开启口袋书店，请手动开启

提示：从五月份开始，需要手动进入一下活动页面。不然即使是开启了这个活动。跑脚本也提示未开启活动

去助力好友fdf827db272543d88dbb51a505c2e869
京东账号5尚未开启口袋书店，请手动开启

提示：从五月份开始，需要手动进入一下活动页面。不然即使是开启了这个活动。跑脚本也提示未开启活动


******开始【京东账号6】小头头-_-*********

由于您第6个京东账号未提供shareCode,将采纳本脚本自带的助力码

第6个京东账号将要助力的好友["28a699ac78d74aa3b31f7103597f8927","dbffb1e337174317a6482c237a871bfd","2f14ee9c92954cf79829320dd482bf49","fdf827db272543d88dbb51a505c2e869"]
用户【小头头-_-】信息获取成功
京东账号6尚未开启口袋书店，请手动开启

提示：从五月份开始，需要手动进入一下活动页面。不然即使是开启了这个活动。跑脚本也提示未开启活动


******开始【京东账号7】曾经的仰望星空*********

由于您第7个京东账号未提供shareCode,将采纳本脚本自带的助力码

第7个京东账号将要助力的好友["28a699ac78d74aa3b31f7103597f8927","dbffb1e337174317a6482c237a871bfd","2f14ee9c92954cf79829320dd482bf49","fdf827db272543d88dbb51a505c2e869"]
用户【曾经的仰望星空】信息获取成功
京东账号7尚未开启口袋书店，请手动开启

提示：从五月份开始，需要手动进入一下活动页面。不然即使是开启了这个活动。跑脚本也提示未开启活动


******开始【京东账号8】為你绾青丝*********

由于您第8个京东账号未提供shareCode,将采纳本脚本自带的助力码

第8个京东账号将要助力的好友["28a699ac78d74aa3b31f7103597f8927","dbffb1e337174317a6482c237a871bfd","2f14ee9c92954cf79829320dd482bf49","fdf827db272543d88dbb51a505c2e869"]
用户【為你绾青丝】信息获取成功
京东账号8尚未开启口袋书店，请手动开启

提示：从五月份开始，需要手动进入一下活动页面。不然即使是开启了这个活动。跑脚本也提示未开启活动


******开始【京东账号9】rainbow123hh*********

由于您第9个京东账号未提供shareCode,将采纳本脚本自带的助力码

第9个京东账号将要助力的好友["28a699ac78d74aa3b31f7103597f8927","dbffb1e337174317a6482c237a871bfd","2f14ee9c92954cf79829320dd482bf49","fdf827db272543d88dbb51a505c2e869"]
口袋书店 API请求失败，请检查网路重试
用户【為你绾青丝】信息获取成功
京东账号9尚未开启口袋书店，请手动开启

提示：从五月份开始，需要手动进入一下活动页面。不然即使是开启了这个活动。跑脚本也提示未开启活动


******开始【京东账号10】紫韵青霜*********

由于您第10个京东账号未提供shareCode,将采纳本脚本自带的助力码

第10个京东账号将要助力的好友["28a699ac78d74aa3b31f7103597f8927","dbffb1e337174317a6482c237a871bfd","2f14ee9c92954cf79829320dd482bf49","fdf827db272543d88dbb51a505c2e869"]
用户【紫韵青霜】信息获取成功
京东账号10尚未开启口袋书店，请手动开启

提示：从五月份开始，需要手动进入一下活动页面。不然即使是开启了这个活动。跑脚本也提示未开启活动


******开始【京东账号11】jd_151412qyz*********

由于您第11个京东账号未提供shareCode,将采纳本脚本自带的助力码

第11个京东账号将要助力的好友["28a699ac78d74aa3b31f7103597f8927","dbffb1e337174317a6482c237a871bfd","2f14ee9c92954cf79829320dd482bf49","fdf827db272543d88dbb51a505c2e869"]
用户【jd_151412qyz】信息获取成功
口袋书店 API请求失败，请检查网路重试
今日助力情况0/10
口袋书店 API请求失败，请检查网路重试
京东账号11尚未开启口袋书店，请手动开启

提示：从五月份开始，需要手动进入一下活动页面。不然即使是开启了这个活动。跑脚本也提示未开启活动

去助力好友28a699ac78d74aa3b31f7103597f8927
京东账号11尚未开启口袋书店，请手动开启

提示：从五月份开始，需要手动进入一下活动页面。不然即使是开启了这个活动。跑脚本也提示未开启活动

去助力好友dbffb1e337174317a6482c237a871bfd
口袋书店 API请求失败，请检查网路重试
去助力好友2f14ee9c92954cf79829320dd482bf49
京东账号11尚未开启口袋书店，请手动开启

提示：从五月份开始，需要手动进入一下活动页面。不然即使是开启了这个活动。跑脚本也提示未开启活动

去助力好友fdf827db272543d88dbb51a505c2e869
京东账号11尚未开启口袋书店，请手动开启

提示：从五月份开始，需要手动进入一下活动页面。不然即使是开启了这个活动。跑脚本也提示未开启活动


******开始【京东账号12】qh174930058*********

由于您第12个京东账号未提供shareCode,将采纳本脚本自带的助力码

第12个京东账号将要助力的好友["28a699ac78d74aa3b31f7103597f8927","dbffb1e337174317a6482c237a871bfd","2f14ee9c92954cf79829320dd482bf49","fdf827db272543d88dbb51a505c2e869"]
口袋书店 API请求失败，请检查网路重试
用户【qh174930058】信息获取成功
京东账号12尚未开启口袋书店，请手动开启

提示：从五月份开始，需要手动进入一下活动页面。不然即使是开启了这个活动。跑脚本也提示未开启活动


******开始【京东账号13】安小花才18*********

由于您第13个京东账号未提供shareCode,将采纳本脚本自带的助力码

第13个京东账号将要助力的好友["28a699ac78d74aa3b31f7103597f8927","dbffb1e337174317a6482c237a871bfd","2f14ee9c92954cf79829320dd482bf49","fdf827db272543d88dbb51a505c2e869"]
用户【安小花才18】信息获取成功
京东账号13尚未开启口袋书店，请手动开启

提示：从五月份开始，需要手动进入一下活动页面。不然即使是开启了这个活动。跑脚本也提示未开启活动


******开始【京东账号14】小曼56789*********

由于您第14个京东账号未提供shareCode,将采纳本脚本自带的助力码

第14个京东账号将要助力的好友["28a699ac78d74aa3b31f7103597f8927","dbffb1e337174317a6482c237a871bfd","2f14ee9c92954cf79829320dd482bf49","fdf827db272543d88dbb51a505c2e869"]
用户【小曼56789】信息获取成功
京东账号14尚未开启口袋书店，请手动开启

提示：从五月份开始，需要手动进入一下活动页面。不然即使是开启了这个活动。跑脚本也提示未开启活动


******开始【京东账号15】微笑的火龙果62*********

由于您第15个京东账号未提供shareCode,将采纳本脚本自带的助力码

第15个京东账号将要助力的好友["28a699ac78d74aa3b31f7103597f8927","dbffb1e337174317a6482c237a871bfd","2f14ee9c92954cf79829320dd482bf49","fdf827db272543d88dbb51a505c2e869"]
口袋书店 API请求失败，请检查网路重试
用户【微笑的火龙果62】信息获取成功
京东账号15尚未开启口袋书店，请手动开启

提示：从五月份开始，需要手动进入一下活动页面。不然即使是开启了这个活动。跑脚本也提示未开启活动


******开始【京东账号16】阿布不爱学习*********

由于您第16个京东账号未提供shareCode,将采纳本脚本自带的助力码

第16个京东账号将要助力的好友["28a699ac78d74aa3b31f7103597f8927","dbffb1e337174317a6482c237a871bfd","2f14ee9c92954cf79829320dd482bf49","fdf827db272543d88dbb51a505c2e869"]
用户【阿布不爱学习】信息获取成功
京东账号16尚未开启口袋书店，请手动开启

提示：从五月份开始，需要手动进入一下活动页面。不然即使是开启了这个活动。跑脚本也提示未开启活动


******开始【京东账号17】jd_4070514*********

由于您第17个京东账号未提供shareCode,将采纳本脚本自带的助力码

第17个京东账号将要助力的好友["28a699ac78d74aa3b31f7103597f8927","dbffb1e337174317a6482c237a871bfd","2f14ee9c92954cf79829320dd482bf49","fdf827db272543d88dbb51a505c2e869"]
用户【jd_4070514】信息获取成功
京东账号17尚未开启口袋书店，请手动开启

提示：从五月份开始，需要手动进入一下活动页面。不然即使是开启了这个活动。跑脚本也提示未开启活动


******开始【京东账号18】非凡的小鹿*********

由于您第18个京东账号未提供shareCode,将采纳本脚本自带的助力码

第18个京东账号将要助力的好友["28a699ac78d74aa3b31f7103597f8927","dbffb1e337174317a6482c237a871bfd","2f14ee9c92954cf79829320dd482bf49","fdf827db272543d88dbb51a505c2e869"]
用户【非凡的小鹿】信息获取成功
京东账号18尚未开启口袋书店，请手动开启

提示：从五月份开始，需要手动进入一下活动页面。不然即使是开启了这个活动。跑脚本也提示未开启活动


******开始【京东账号19】litchee1988*********

由于您第19个京东账号未提供shareCode,将采纳本脚本自带的助力码

第19个京东账号将要助力的好友["28a699ac78d74aa3b31f7103597f8927","dbffb1e337174317a6482c237a871bfd","2f14ee9c92954cf79829320dd482bf49","fdf827db272543d88dbb51a505c2e869"]
用户【litchee1988】信息获取成功
京东账号19尚未开启口袋书店，请手动开启

提示：从五月份开始，需要手动进入一下活动页面。不然即使是开启了这个活动。跑脚本也提示未开启活动


******开始【京东账号20】188*****240_p*********

由于您第20个京东账号未提供shareCode,将采纳本脚本自带的助力码

第20个京东账号将要助力的好友["28a699ac78d74aa3b31f7103597f8927","dbffb1e337174317a6482c237a871bfd","2f14ee9c92954cf79829320dd482bf49","fdf827db272543d88dbb51a505c2e869"]
用户【匿名】信息获取成功
京东账号20尚未开启口袋书店，请手动开启

提示：从五月份开始，需要手动进入一下活动页面。不然即使是开启了这个活动。跑脚本也提示未开启活动


******开始【京东账号21】滋味0622*********

由于您第21个京东账号未提供shareCode,将采纳本脚本自带的助力码

第21个京东账号将要助力的好友["28a699ac78d74aa3b31f7103597f8927","dbffb1e337174317a6482c237a871bfd","2f14ee9c92954cf79829320dd482bf49","fdf827db272543d88dbb51a505c2e869"]
用户【滋味0622】信息获取成功
京东账号21尚未开启口袋书店，请手动开启

提示：从五月份开始，需要手动进入一下活动页面。不然即使是开启了这个活动。跑脚本也提示未开启活动


******开始【京东账号22】jd_130500jpm*********

由于您第22个京东账号未提供shareCode,将采纳本脚本自带的助力码

第22个京东账号将要助力的好友["28a699ac78d74aa3b31f7103597f8927","dbffb1e337174317a6482c237a871bfd","2f14ee9c92954cf79829320dd482bf49","fdf827db272543d88dbb51a505c2e869"]
用户【jd_130500jpm】信息获取成功
京东账号22尚未开启口袋书店，请手动开启

提示：从五月份开始，需要手动进入一下活动页面。不然即使是开启了这个活动。跑脚本也提示未开启活动


******开始【京东账号23】小东东丶oO*********

由于您第23个京东账号未提供shareCode,将采纳本脚本自带的助力码

第23个京东账号将要助力的好友["28a699ac78d74aa3b31f7103597f8927","dbffb1e337174317a6482c237a871bfd","2f14ee9c92954cf79829320dd482bf49","fdf827db272543d88dbb51a505c2e869"]
用户【小东东丶oO】信息获取成功
京东账号23尚未开启口袋书店，请手动开启

提示：从五月份开始，需要手动进入一下活动页面。不然即使是开启了这个活动。跑脚本也提示未开启活动


******开始【京东账号24】jd_6d65aaa1f267d*********

由于您第24个京东账号未提供shareCode,将采纳本脚本自带的助力码

第24个京东账号将要助力的好友["28a699ac78d74aa3b31f7103597f8927","dbffb1e337174317a6482c237a871bfd","2f14ee9c92954cf79829320dd482bf49","fdf827db272543d88dbb51a505c2e869"]
用户【jd_6d65aaa1f267d】信息获取成功
口袋书店 API请求失败，请检查网路重试
今日助力情况0/10
京东账号24尚未开启口袋书店，请手动开启

提示：从五月份开始，需要手动进入一下活动页面。不然即使是开启了这个活动。跑脚本也提示未开启活动

去助力好友28a699ac78d74aa3b31f7103597f8927
京东账号24尚未开启口袋书店，请手动开启

提示：从五月份开始，需要手动进入一下活动页面。不然即使是开启了这个活动。跑脚本也提示未开启活动

去助力好友dbffb1e337174317a6482c237a871bfd
京东账号24尚未开启口袋书店，请手动开启

提示：从五月份开始，需要手动进入一下活动页面。不然即使是开启了这个活动。跑脚本也提示未开启活动

去助力好友2f14ee9c92954cf79829320dd482bf49
京东账号24尚未开启口袋书店，请手动开启

提示：从五月份开始，需要手动进入一下活动页面。不然即使是开启了这个活动。跑脚本也提示未开启活动

去助力好友fdf827db272543d88dbb51a505c2e869
京东账号24尚未开启口袋书店，请手动开启

提示：从五月份开始，需要手动进入一下活动页面。不然即使是开启了这个活动。跑脚本也提示未开启活动


******开始【京东账号25】海之船哈哈哈*********

由于您第25个京东账号未提供shareCode,将采纳本脚本自带的助力码

第25个京东账号将要助力的好友["28a699ac78d74aa3b31f7103597f8927","dbffb1e337174317a6482c237a871bfd","2f14ee9c92954cf79829320dd482bf49","fdf827db272543d88dbb51a505c2e869"]
口袋书店 API请求失败，请检查网路重试
用户【海之船哈哈哈】信息获取成功
京东账号25尚未开启口袋书店，请手动开启

提示：从五月份开始，需要手动进入一下活动页面。不然即使是开启了这个活动。跑脚本也提示未开启活动


******开始【京东账号26】sun2616136*********

由于您第26个京东账号未提供shareCode,将采纳本脚本自带的助力码

第26个京东账号将要助力的好友["28a699ac78d74aa3b31f7103597f8927","dbffb1e337174317a6482c237a871bfd","2f14ee9c92954cf79829320dd482bf49","fdf827db272543d88dbb51a505c2e869"]
用户【sun2616136】信息获取成功
京东账号26尚未开启口袋书店，请手动开启

提示：从五月份开始，需要手动进入一下活动页面。不然即使是开启了这个活动。跑脚本也提示未开启活动


******开始【京东账号27】ginue*********

由于您第27个京东账号未提供shareCode,将采纳本脚本自带的助力码

第27个京东账号将要助力的好友["28a699ac78d74aa3b31f7103597f8927","dbffb1e337174317a6482c237a871bfd","2f14ee9c92954cf79829320dd482bf49","fdf827db272543d88dbb51a505c2e869"]
用户【ginue】信息获取成功
口袋书店 API请求失败，请检查网路重试
今日助力情况0/10
京东账号27尚未开启口袋书店，请手动开启

提示：从五月份开始，需要手动进入一下活动页面。不然即使是开启了这个活动。跑脚本也提示未开启活动

去助力好友28a699ac78d74aa3b31f7103597f8927
京东账号27尚未开启口袋书店，请手动开启

提示：从五月份开始，需要手动进入一下活动页面。不然即使是开启了这个活动。跑脚本也提示未开启活动

去助力好友dbffb1e337174317a6482c237a871bfd
京东账号27尚未开启口袋书店，请手动开启

提示：从五月份开始，需要手动进入一下活动页面。不然即使是开启了这个活动。跑脚本也提示未开启活动

去助力好友2f14ee9c92954cf79829320dd482bf49
京东账号27尚未开启口袋书店，请手动开启

提示：从五月份开始，需要手动进入一下活动页面。不然即使是开启了这个活动。跑脚本也提示未开启活动

去助力好友fdf827db272543d88dbb51a505c2e869
京东账号27尚未开启口袋书店，请手动开启

提示：从五月份开始，需要手动进入一下活动页面。不然即使是开启了这个活动。跑脚本也提示未开启活动


🔔口袋书店, 结束! 🕛 635.259 秒

