
# 从日志提取互助码，编号和配置文件中Cookie编号完全对应，如果为空就是所有日志中都没有。

# 即使某个MyXxx变量未赋值，也可以将其变量名填在ForOtherXxx中，jtask脚本会自动过滤空值。

# 你选择的互助码模板为：所有账号机会均等助力。

## 东东农场：
MyFruit1='3b7c3454583845119421677d129977df'
MyFruit2='2883a1f90831449f933f6592708afbb7'
MyFruit3='ad3ee4396051403a9dc953aaa2f0adfc'
MyFruit4='00ded2ae4f1e453ab511b18f7b84cb50'
MyFruit5='a666dff9b21342ee8cfc97f36bdb5202'
MyFruit6='5f4a4ad38e5f4816a718cdded5e5b64d'
MyFruit7='362417eb8e7c4082a82f8a9c7b820c15'
MyFruit8='ef789dbb8cfa4bac850fccbad110c015'
MyFruit9='3ca5b6a198994ef0803befcc0e83aa2d'
MyFruit10='ef27c843e065479bb14dda0ff5a7ffba'
MyFruit11=''
MyFruit12='6f5c5291029a4ebca23ad26d95250ab3'
MyFruit13='b4ac27d1703d4ba8b9f4d2f8e97bb8a2'
MyFruit14='b7b05cbc81ae4708a750783ddc2c2c75'
MyFruit15='fd38267c00ca4e8eb4b41c3196eac930'
MyFruit16='821a16e572cc4d5d9f514ef93ece03fb'
MyFruit17='458ea4334bdc4011aaf784a924ba01ae'
MyFruit18='95e8fa215b374e54a18c7181ed383869'
MyFruit19='c96b68fdcf62481badd226d833141165'
MyFruit20='9b18e6a9bc924e4fa5a6b98eeff80b01'
MyFruit21='989aef95c6c745838517156a57cf5e21'
MyFruit22='14f308c0bb644671bbcdcda4e1aff236'
MyFruit23='f556d79e90f346cca8d5e58bb5ea8637'
MyFruit24='ace3be4a121d40f0aa4358a9c1a3db8a'
MyFruit25='61606d477ff343878907d3d8b55992cc'
MyFruit26='f584d34daa0d453ba32833b39e55fcc2'
MyFruit27='5cb9a565f77048d0b91302e2a5f91b79'
MyFruit28='6685f63712ca4d2ebfdb9cc0c82f65c0'
MyFruit29='a24d29ce4967495f9697fef0be789a1f'
MyFruit30='1ac7d7464d614150868b33d5acca6677'
MyFruit31='5b82dfa3a91447368d776cee3648a220'
MyFruit32='23e6dba274de41fab9a96c96a1713fd4'
MyFruit33='8bb494fa7a1242fa83d763df13b2a867'
MyFruit34='39460169b9b14e038cdced4ef43333c6'
MyFruit35='cc406601f5674dd1913bae97d28e650c'

ForOtherFruit1="${MyFruit1}@${MyFruit2}@${MyFruit3}@${MyFruit4}@${MyFruit5}@${MyFruit6}@${MyFruit7}@${MyFruit8}"
ForOtherFruit2="${MyFruit1}@${MyFruit3}@${MyFruit4}@${MyFruit5}@${MyFruit6}@${MyFruit7}@${MyFruit8}@${MyFruit9}"
ForOtherFruit3="${MyFruit1}@${MyFruit4}@${MyFruit5}@${MyFruit6}@${MyFruit7}@${MyFruit8}@${MyFruit9}@${MyFruit10}"
ForOtherFruit4="${MyFruit1}@${MyFruit5}@${MyFruit6}@${MyFruit7}@${MyFruit8}@${MyFruit9}@${MyFruit10}@${MyFruit11}"
ForOtherFruit5="${MyFruit1}@${MyFruit6}@${MyFruit7}@${MyFruit8}@${MyFruit9}@${MyFruit10}@${MyFruit11}@${MyFruit12}"
ForOtherFruit6="${MyFruit1}@${MyFruit7}@${MyFruit8}@${MyFruit9}@${MyFruit10}@${MyFruit11}@${MyFruit12}@${MyFruit13}"
ForOtherFruit7="${MyFruit1}@${MyFruit8}@${MyFruit9}@${MyFruit10}@${MyFruit11}@${MyFruit12}@${MyFruit13}@${MyFruit14}"
ForOtherFruit8="${MyFruit1}@${MyFruit9}@${MyFruit10}@${MyFruit11}@${MyFruit12}@${MyFruit13}@${MyFruit14}@${MyFruit15}"
ForOtherFruit9="${MyFruit1}@${MyFruit10}@${MyFruit11}@${MyFruit12}@${MyFruit13}@${MyFruit14}@${MyFruit15}@${MyFruit16}"
ForOtherFruit10="${MyFruit1}@${MyFruit11}@${MyFruit12}@${MyFruit13}@${MyFruit14}@${MyFruit15}@${MyFruit16}@${MyFruit17}"
ForOtherFruit11="${MyFruit1}@${MyFruit12}@${MyFruit13}@${MyFruit14}@${MyFruit15}@${MyFruit16}@${MyFruit17}@${MyFruit18}"
ForOtherFruit12="${MyFruit1}@${MyFruit13}@${MyFruit14}@${MyFruit15}@${MyFruit16}@${MyFruit17}@${MyFruit18}@${MyFruit19}"
ForOtherFruit13="${MyFruit1}@${MyFruit14}@${MyFruit15}@${MyFruit16}@${MyFruit17}@${MyFruit18}@${MyFruit19}@${MyFruit20}"
ForOtherFruit14="${MyFruit1}@${MyFruit15}@${MyFruit16}@${MyFruit17}@${MyFruit18}@${MyFruit19}@${MyFruit20}@${MyFruit21}"
ForOtherFruit15="${MyFruit1}@${MyFruit16}@${MyFruit17}@${MyFruit18}@${MyFruit19}@${MyFruit20}@${MyFruit21}@${MyFruit22}"
ForOtherFruit16="${MyFruit1}@${MyFruit17}@${MyFruit18}@${MyFruit19}@${MyFruit20}@${MyFruit21}@${MyFruit22}@${MyFruit23}"
ForOtherFruit17="${MyFruit1}@${MyFruit18}@${MyFruit19}@${MyFruit20}@${MyFruit21}@${MyFruit22}@${MyFruit23}@${MyFruit24}"
ForOtherFruit18="${MyFruit1}@${MyFruit19}@${MyFruit20}@${MyFruit21}@${MyFruit22}@${MyFruit23}@${MyFruit24}@${MyFruit25}"
ForOtherFruit19="${MyFruit1}@${MyFruit20}@${MyFruit21}@${MyFruit22}@${MyFruit23}@${MyFruit24}@${MyFruit25}@${MyFruit26}"
ForOtherFruit20="${MyFruit1}@${MyFruit21}@${MyFruit22}@${MyFruit23}@${MyFruit24}@${MyFruit25}@${MyFruit26}@${MyFruit27}"
ForOtherFruit21="${MyFruit1}@${MyFruit22}@${MyFruit23}@${MyFruit24}@${MyFruit25}@${MyFruit26}@${MyFruit27}@${MyFruit28}"
ForOtherFruit22="${MyFruit1}@${MyFruit23}@${MyFruit24}@${MyFruit25}@${MyFruit26}@${MyFruit27}@${MyFruit28}@${MyFruit29}"
ForOtherFruit23="${MyFruit1}@${MyFruit24}@${MyFruit25}@${MyFruit26}@${MyFruit27}@${MyFruit28}@${MyFruit29}@${MyFruit30}"
ForOtherFruit24="${MyFruit1}@${MyFruit25}@${MyFruit26}@${MyFruit27}@${MyFruit28}@${MyFruit29}@${MyFruit30}@${MyFruit31}"
ForOtherFruit25="${MyFruit1}@${MyFruit26}@${MyFruit27}@${MyFruit28}@${MyFruit29}@${MyFruit30}@${MyFruit31}@${MyFruit32}"
ForOtherFruit26="${MyFruit1}@${MyFruit27}@${MyFruit28}@${MyFruit29}@${MyFruit30}@${MyFruit31}@${MyFruit32}@${MyFruit33}"
ForOtherFruit27="${MyFruit1}@${MyFruit28}@${MyFruit29}@${MyFruit30}@${MyFruit31}@${MyFruit32}@${MyFruit33}@${MyFruit34}"
ForOtherFruit28="${MyFruit1}@${MyFruit29}@${MyFruit30}@${MyFruit31}@${MyFruit32}@${MyFruit33}@${MyFruit34}@${MyFruit35}"
ForOtherFruit29="${MyFruit1}@${MyFruit30}@${MyFruit31}@${MyFruit32}@${MyFruit33}@${MyFruit34}@${MyFruit35}@${MyFruit1}"
ForOtherFruit30="${MyFruit1}@${MyFruit31}@${MyFruit32}@${MyFruit33}@${MyFruit34}@${MyFruit35}@${MyFruit1}@${MyFruit2}"
ForOtherFruit31="${MyFruit1}@${MyFruit32}@${MyFruit33}@${MyFruit34}@${MyFruit35}@${MyFruit1}@${MyFruit2}@${MyFruit3}"
ForOtherFruit32="${MyFruit1}@${MyFruit33}@${MyFruit34}@${MyFruit35}@${MyFruit1}@${MyFruit2}@${MyFruit3}@${MyFruit4}"
ForOtherFruit33="${MyFruit1}@${MyFruit34}@${MyFruit35}@${MyFruit1}@${MyFruit2}@${MyFruit3}@${MyFruit4}@${MyFruit5}"
ForOtherFruit34="${MyFruit1}@${MyFruit35}@${MyFruit1}@${MyFruit2}@${MyFruit3}@${MyFruit4}@${MyFruit5}@${MyFruit6}"
ForOtherFruit35="${MyFruit1}@${MyFruit1}@${MyFruit2}@${MyFruit3}@${MyFruit4}@${MyFruit5}@${MyFruit6}@${MyFruit7}"

## 东东萌宠：
MyPet1='MTAxODc2NTEzMjAwMDAwMDAyMDIwMjg4OQ=='
MyPet2='MTE0MDkyMjIwMDAwMDAwNDg1OTExNjU='
MyPet3=''
MyPet4=''
MyPet5='MTEyNzEzMjc0MDAwMDAwMDQ4NTg4MjE5'
MyPet6=''
MyPet7=''
MyPet8='MTAxODc2NTEzOTAwMDAwMDAyMDI5MDk1Nw=='
MyPet9=''
MyPet10=''
MyPet11=''
MyPet12=''
MyPet13=''
MyPet14=''
MyPet15=''
MyPet16='MTAxODc2NTEzMzAwMDAwMDAxOTg0Nzg2Mw=='
MyPet17='MTAxODc2NTEzMDAwMDAwMDAwMTA0MjM2NQ=='
MyPet18='MTAxODc2NTEzMDAwMDAwMDAxOTkwODY2Mw=='
MyPet19=''
MyPet20=''
MyPet21=''
MyPet22='MTEyNjE4NjQ2MDAwMDAwMDUxNDYyOTM3'
MyPet23='MTAxODc2NTEzMzAwMDAwMDAwMzk5NTI5Nw=='
MyPet24=''
MyPet25='MTE5MzEwNTEzODAwMDAwMDA1MDg0ODAwMQ=='
MyPet26=''
MyPet27=''
MyPet28=''
MyPet29=''
MyPet30='MTE0MDE2NjI5MDAwMDAwMDQ3MjU1NzY3'
MyPet31='MTAxODc2NTEzMzAwMDAwMDAwNDk0NTI2OQ=='
MyPet32='MTEzMzI1MTE4NTAwMDAwMDA1MjczNTc4MQ=='
MyPet33=''
MyPet34=''
MyPet35=''

ForOtherPet1="${MyPet2}@${MyPet3}@${MyPet4}@${MyPet5}@${MyPet6}@${MyPet7}@${MyPet8}@${MyPet9}"
ForOtherPet2="${MyPet1}@${MyPet3}@${MyPet4}@${MyPet5}@${MyPet6}@${MyPet7}@${MyPet8}@${MyPet9}"
ForOtherPet3="${MyPet1}@${MyPet4}@${MyPet5}@${MyPet6}@${MyPet7}@${MyPet8}@${MyPet9}@${MyPet10}"
ForOtherPet4="${MyPet1}@${MyPet5}@${MyPet6}@${MyPet7}@${MyPet8}@${MyPet9}@${MyPet10}@${MyPet11}"
ForOtherPet5="${MyPet1}@${MyPet6}@${MyPet7}@${MyPet8}@${MyPet9}@${MyPet10}@${MyPet11}@${MyPet12}"
ForOtherPet6="${MyPet1}@${MyPet7}@${MyPet8}@${MyPet9}@${MyPet10}@${MyPet11}@${MyPet12}@${MyPet13}"
ForOtherPet7="${MyPet1}@${MyPet8}@${MyPet9}@${MyPet10}@${MyPet11}@${MyPet12}@${MyPet13}@${MyPet14}"
ForOtherPet8="${MyPet1}@${MyPet9}@${MyPet10}@${MyPet11}@${MyPet12}@${MyPet13}@${MyPet14}@${MyPet15}"
ForOtherPet9="${MyPet1}@${MyPet10}@${MyPet11}@${MyPet12}@${MyPet13}@${MyPet14}@${MyPet15}@${MyPet16}"
ForOtherPet10="${MyPet1}@${MyPet11}@${MyPet12}@${MyPet13}@${MyPet14}@${MyPet15}@${MyPet16}@${MyPet17}"
ForOtherPet11="${MyPet1}@${MyPet12}@${MyPet13}@${MyPet14}@${MyPet15}@${MyPet16}@${MyPet17}@${MyPet18}"
ForOtherPet12="${MyPet1}@${MyPet13}@${MyPet14}@${MyPet15}@${MyPet16}@${MyPet17}@${MyPet18}@${MyPet19}"
ForOtherPet13="${MyPet1}@${MyPet14}@${MyPet15}@${MyPet16}@${MyPet17}@${MyPet18}@${MyPet19}@${MyPet20}"
ForOtherPet14="${MyPet1}@${MyPet15}@${MyPet16}@${MyPet17}@${MyPet18}@${MyPet19}@${MyPet20}@${MyPet21}"
ForOtherPet15="${MyPet1}@${MyPet16}@${MyPet17}@${MyPet18}@${MyPet19}@${MyPet20}@${MyPet21}@${MyPet22}"
ForOtherPet16="${MyPet1}@${MyPet17}@${MyPet18}@${MyPet19}@${MyPet20}@${MyPet21}@${MyPet22}@${MyPet23}"
ForOtherPet17="${MyPet1}@${MyPet18}@${MyPet19}@${MyPet20}@${MyPet21}@${MyPet22}@${MyPet23}@${MyPet24}"
ForOtherPet18="${MyPet1}@${MyPet19}@${MyPet20}@${MyPet21}@${MyPet22}@${MyPet23}@${MyPet24}@${MyPet25}"
ForOtherPet19="${MyPet1}@${MyPet20}@${MyPet21}@${MyPet22}@${MyPet23}@${MyPet24}@${MyPet25}@${MyPet26}"
ForOtherPet20="${MyPet1}@${MyPet21}@${MyPet22}@${MyPet23}@${MyPet24}@${MyPet25}@${MyPet26}@${MyPet27}"
ForOtherPet21="${MyPet1}@${MyPet22}@${MyPet23}@${MyPet24}@${MyPet25}@${MyPet26}@${MyPet27}@${MyPet28}"
ForOtherPet22="${MyPet1}@${MyPet23}@${MyPet24}@${MyPet25}@${MyPet26}@${MyPet27}@${MyPet28}@${MyPet29}"
ForOtherPet23="${MyPet1}@${MyPet24}@${MyPet25}@${MyPet26}@${MyPet27}@${MyPet28}@${MyPet29}@${MyPet30}"
ForOtherPet24="${MyPet1}@${MyPet25}@${MyPet26}@${MyPet27}@${MyPet28}@${MyPet29}@${MyPet30}@${MyPet31}"
ForOtherPet25="${MyPet1}@${MyPet26}@${MyPet27}@${MyPet28}@${MyPet29}@${MyPet30}@${MyPet31}@${MyPet32}"
ForOtherPet26="${MyPet1}@${MyPet27}@${MyPet28}@${MyPet29}@${MyPet30}@${MyPet31}@${MyPet32}@${MyPet33}"
ForOtherPet27="${MyPet1}@${MyPet28}@${MyPet29}@${MyPet30}@${MyPet31}@${MyPet32}@${MyPet33}@${MyPet34}"
ForOtherPet28="${MyPet1}@${MyPet29}@${MyPet30}@${MyPet31}@${MyPet32}@${MyPet33}@${MyPet34}@${MyPet35}"
ForOtherPet29="${MyPet1}@${MyPet30}@${MyPet31}@${MyPet32}@${MyPet33}@${MyPet34}@${MyPet35}@${MyPet1}"
ForOtherPet30="${MyPet1}@${MyPet31}@${MyPet32}@${MyPet33}@${MyPet34}@${MyPet35}@${MyPet1}@${MyPet2}"
ForOtherPet31="${MyPet1}@${MyPet32}@${MyPet33}@${MyPet34}@${MyPet35}@${MyPet1}@${MyPet2}@${MyPet3}"
ForOtherPet32="${MyPet1}@${MyPet33}@${MyPet34}@${MyPet35}@${MyPet1}@${MyPet2}@${MyPet3}@${MyPet4}"
ForOtherPet33="${MyPet1}@${MyPet34}@${MyPet35}@${MyPet1}@${MyPet2}@${MyPet3}@${MyPet4}@${MyPet5}"
ForOtherPet34="${MyPet1}@${MyPet35}@${MyPet1}@${MyPet2}@${MyPet3}@${MyPet4}@${MyPet5}@${MyPet6}"
ForOtherPet35="${MyPet1}@${MyPet1}@${MyPet2}@${MyPet3}@${MyPet4}@${MyPet5}@${MyPet6}@${MyPet7}"

## 种豆得豆：
MyBean1='hcfdjmj6tft6mwaun2p5q53e5u'
MyBean2='mlrdw3aw26j3wenqya22xqmrvnwbopeqkbld5oq'
MyBean3='2otriue2zm33sbcpy3iyo7tkry'
MyBean4='zalmhfy34qahytf7ecdgt2bkkh76s5rylorvnfa'
MyBean5='4npkonnsy7xi27y6a3xut2qby4bo7so4ddleiky'
MyBean6='e7lhibzb3zek2rwlfnttiywdokah6t5kmlws7la'
MyBean7='q5tdxapekqt37wzxc23v4clxh35vu3xwvezgu53zrt5ri7dcdcya'
MyBean8='olmijoxgmjutytrulf7l6bsrpivmpazozjstbli'
MyBean9='e7lhibzb3zek326kr6xvwf4cddbaayp265lhsla'
MyBean10='ojpadzipembysfioo5ukk56gmu'
MyBean11='6mdnzfkj6xbalgt46zq6jhjxta'
MyBean12='4npkonnsy7xi2oixb4bu7ilmsjudo4njh3nhnci'
MyBean13='lwdo3aafep4is3whdwyyfjnapq3h7wlwy7o5jii'
MyBean14='a6uvovrgtfcsgwwaxg3hfw7evpagkl7uax2nirq'
MyBean15='oodcfjwh745jei4stgdyyxiqewqeig74jzvvjxi'
MyBean16='l3uqcsfjjmuklsxtmx4pz33hbi'
MyBean17='olmijoxgmjutyxwcybs45azfgvs7x5ci6xjfx3a'
MyBean18='gzotqv5ldop7moqgqsjynejgyi'
MyBean19='7pt22jcko7ljrlgzoqrdfol7qu3h7wlwy7o5jii'
MyBean20='vm4mokpskzsv5o3jcqyycoufu43h7wlwy7o5jii'
MyBean21='olmijoxgmjutzfo7tuiami2odf6dzj6gs3ucumq'
MyBean22='mlrdw3aw26j3xp5cjtsjafhypsn47n63qev7c2i'
MyBean23='lh2rintlp3cbzu5ggn5y2olhfy'
MyBean24='e7lhibzb3zek2xe3cpt4vt3g7sbjz7dguzohq5a'
MyBean25='olmijoxgmjutz336sl2g6sz2pz3lkajbrshstvi'
MyBean26='t2rwil6ghvn7v4cme3uo6oynoe7b44xc3yerbqa'
MyBean27='dhsx55vjyuzkxcrorizmkmsc7gregfccojtfzzq'
MyBean28='olmijoxgmjuty7tlp5qkxzdy2cb7vhnph6z5eti'
MyBean29='mlrdw3aw26j3w5la6ojku7s5ykmcl3zjxfq7u5q'
MyBean30='zbpyhz2l5n6eoqsivwugpk6wly'
MyBean31='olmijoxgmjutyidm3mhiim4qju23axjdnh44hei'
MyBean32='2vgtxj43q3jqzydpcxfps2ayu6maht232u26zvq'
MyBean33='4srjlxwmo6kaodx2muzz5qzhoptsb65rrrg2cty'
MyBean34='2gt2vizs3gicocuuk66ktxq5nm'
MyBean35='olmijoxgmjutzhdp3szohsfaeomfg3ukzocsnxq'

ForOtherBean1="${MyBean2}@${MyBean3}@${MyBean4}@${MyBean5}@${MyBean6}@${MyBean7}@${MyBean8}@${MyBean9}"
ForOtherBean2="${MyBean1}@${MyBean3}@${MyBean4}@${MyBean5}@${MyBean6}@${MyBean7}@${MyBean8}@${MyBean9}"
ForOtherBean3="${MyBean1}@${MyBean4}@${MyBean5}@${MyBean6}@${MyBean7}@${MyBean8}@${MyBean9}@${MyBean10}"
ForOtherBean4="${MyBean1}@${MyBean5}@${MyBean6}@${MyBean7}@${MyBean8}@${MyBean9}@${MyBean10}@${MyBean11}"
ForOtherBean5="${MyBean1}@${MyBean6}@${MyBean7}@${MyBean8}@${MyBean9}@${MyBean10}@${MyBean11}@${MyBean12}"
ForOtherBean6="${MyBean1}@${MyBean7}@${MyBean8}@${MyBean9}@${MyBean10}@${MyBean11}@${MyBean12}@${MyBean13}"
ForOtherBean7="${MyBean1}@${MyBean8}@${MyBean9}@${MyBean10}@${MyBean11}@${MyBean12}@${MyBean13}@${MyBean14}"
ForOtherBean8="${MyBean1}@${MyBean9}@${MyBean10}@${MyBean11}@${MyBean12}@${MyBean13}@${MyBean14}@${MyBean15}"
ForOtherBean9="${MyBean1}@${MyBean10}@${MyBean11}@${MyBean12}@${MyBean13}@${MyBean14}@${MyBean15}@${MyBean16}"
ForOtherBean10="${MyBean1}@${MyBean11}@${MyBean12}@${MyBean13}@${MyBean14}@${MyBean15}@${MyBean16}@${MyBean17}"
ForOtherBean11="${MyBean1}@${MyBean12}@${MyBean13}@${MyBean14}@${MyBean15}@${MyBean16}@${MyBean17}@${MyBean18}"
ForOtherBean12="${MyBean1}@${MyBean13}@${MyBean14}@${MyBean15}@${MyBean16}@${MyBean17}@${MyBean18}@${MyBean19}"
ForOtherBean13="${MyBean1}@${MyBean14}@${MyBean15}@${MyBean16}@${MyBean17}@${MyBean18}@${MyBean19}@${MyBean20}"
ForOtherBean14="${MyBean1}@${MyBean15}@${MyBean16}@${MyBean17}@${MyBean18}@${MyBean19}@${MyBean20}@${MyBean21}"
ForOtherBean15="${MyBean1}@${MyBean16}@${MyBean17}@${MyBean18}@${MyBean19}@${MyBean20}@${MyBean21}@${MyBean22}"
ForOtherBean16="${MyBean1}@${MyBean17}@${MyBean18}@${MyBean19}@${MyBean20}@${MyBean21}@${MyBean22}@${MyBean23}"
ForOtherBean17="${MyBean1}@${MyBean18}@${MyBean19}@${MyBean20}@${MyBean21}@${MyBean22}@${MyBean23}@${MyBean24}"
ForOtherBean18="${MyBean1}@${MyBean19}@${MyBean20}@${MyBean21}@${MyBean22}@${MyBean23}@${MyBean24}@${MyBean25}"
ForOtherBean19="${MyBean1}@${MyBean20}@${MyBean21}@${MyBean22}@${MyBean23}@${MyBean24}@${MyBean25}@${MyBean26}"
ForOtherBean20="${MyBean1}@${MyBean21}@${MyBean22}@${MyBean23}@${MyBean24}@${MyBean25}@${MyBean26}@${MyBean27}"
ForOtherBean21="${MyBean1}@${MyBean22}@${MyBean23}@${MyBean24}@${MyBean25}@${MyBean26}@${MyBean27}@${MyBean28}"
ForOtherBean22="${MyBean1}@${MyBean23}@${MyBean24}@${MyBean25}@${MyBean26}@${MyBean27}@${MyBean28}@${MyBean29}"
ForOtherBean23="${MyBean1}@${MyBean24}@${MyBean25}@${MyBean26}@${MyBean27}@${MyBean28}@${MyBean29}@${MyBean30}"
ForOtherBean24="${MyBean1}@${MyBean25}@${MyBean26}@${MyBean27}@${MyBean28}@${MyBean29}@${MyBean30}@${MyBean31}"
ForOtherBean25="${MyBean1}@${MyBean26}@${MyBean27}@${MyBean28}@${MyBean29}@${MyBean30}@${MyBean31}@${MyBean32}"
ForOtherBean26="${MyBean1}@${MyBean27}@${MyBean28}@${MyBean29}@${MyBean30}@${MyBean31}@${MyBean32}@${MyBean33}"
ForOtherBean27="${MyBean1}@${MyBean28}@${MyBean29}@${MyBean30}@${MyBean31}@${MyBean32}@${MyBean33}@${MyBean34}"
ForOtherBean28="${MyBean1}@${MyBean29}@${MyBean30}@${MyBean31}@${MyBean32}@${MyBean33}@${MyBean34}@${MyBean35}"
ForOtherBean29="${MyBean1}@${MyBean30}@${MyBean31}@${MyBean32}@${MyBean33}@${MyBean34}@${MyBean35}@${MyBean1}"
ForOtherBean30="${MyBean1}@${MyBean31}@${MyBean32}@${MyBean33}@${MyBean34}@${MyBean35}@${MyBean1}@${MyBean2}"
ForOtherBean31="${MyBean1}@${MyBean32}@${MyBean33}@${MyBean34}@${MyBean35}@${MyBean1}@${MyBean2}@${MyBean3}"
ForOtherBean32="${MyBean1}@${MyBean33}@${MyBean34}@${MyBean35}@${MyBean1}@${MyBean2}@${MyBean3}@${MyBean4}"
ForOtherBean33="${MyBean1}@${MyBean34}@${MyBean35}@${MyBean1}@${MyBean2}@${MyBean3}@${MyBean4}@${MyBean5}"
ForOtherBean34="${MyBean1}@${MyBean35}@${MyBean1}@${MyBean2}@${MyBean3}@${MyBean4}@${MyBean5}@${MyBean6}"
ForOtherBean35="${MyBean1}@${MyBean1}@${MyBean2}@${MyBean3}@${MyBean4}@${MyBean5}@${MyBean6}@${MyBean7}"

## 京喜工厂：
MyDreamFactory1='65l8mxeUxGnaLAMzOzTCZQ=='
MyDreamFactory2='dnimDdcK5j3gmyADitT2jw=='
MyDreamFactory3='WEnPpqZ_BR3yg8ckpkolVw=='
MyDreamFactory4=''
MyDreamFactory5='Lgy6qL8PSyFcR5egb8BPtw=='
MyDreamFactory6='74eN86la-gV10G67M1mqSg=='
MyDreamFactory7=''
MyDreamFactory8='RYpGXPA5lAaABkbnmRVxFw=='
MyDreamFactory9='RbSK_xgA8_yEpzM_0KfFTg=='
MyDreamFactory10=''
MyDreamFactory11=''
MyDreamFactory12='Yq9PgmgvQtiHXa5jl4axgw=='
MyDreamFactory13=''
MyDreamFactory14='-IYNOdn6K2fpI70gBY4HUw=='
MyDreamFactory15=''
MyDreamFactory16='tofmNfPTMBdsy7t2kMTrKA=='
MyDreamFactory17=''
MyDreamFactory18=''
MyDreamFactory19=''
MyDreamFactory20='tLE-K8gpvTyoSUzqiJX4vw=='
MyDreamFactory21='VbwtSZ0AUbnrAPPqLzbmsQ=='
MyDreamFactory22='D62X4Nv-sqBxnkpDsAaZnw=='
MyDreamFactory23=''
MyDreamFactory24='St5GYpswacGKmoW258PssA=='
MyDreamFactory25='NGEj1i1tZXrb18Aa9WL8RQ=='
MyDreamFactory26='26kSh90IQ_hgebGeCwfaxA=='
MyDreamFactory27=''
MyDreamFactory28='Mp5aPWo3m95Vlo2NVQlqLg=='
MyDreamFactory29='P5PCcc-iI1tjCx_t1j171g=='
MyDreamFactory30=''
MyDreamFactory31='PNeXq7q3DRM9ADfHmr52rg=='
MyDreamFactory32=''
MyDreamFactory33=''
MyDreamFactory34=''
MyDreamFactory35='vB_wCm0hdgqmFoRGQjNvUg=='

ForOtherDreamFactory1="${MyDreamFactory2}@${MyDreamFactory3}@${MyDreamFactory4}@${MyDreamFactory5}@${MyDreamFactory6}@${MyDreamFactory7}@${MyDreamFactory8}@${MyDreamFactory9}"
ForOtherDreamFactory2="${MyDreamFactory1}@${MyDreamFactory3}@${MyDreamFactory4}@${MyDreamFactory5}@${MyDreamFactory6}@${MyDreamFactory7}@${MyDreamFactory8}@${MyDreamFactory9}"
ForOtherDreamFactory3="${MyDreamFactory1}@${MyDreamFactory4}@${MyDreamFactory5}@${MyDreamFactory6}@${MyDreamFactory7}@${MyDreamFactory8}@${MyDreamFactory9}@${MyDreamFactory10}"
ForOtherDreamFactory4="${MyDreamFactory1}@${MyDreamFactory5}@${MyDreamFactory6}@${MyDreamFactory7}@${MyDreamFactory8}@${MyDreamFactory9}@${MyDreamFactory10}@${MyDreamFactory11}"
ForOtherDreamFactory5="${MyDreamFactory1}@${MyDreamFactory6}@${MyDreamFactory7}@${MyDreamFactory8}@${MyDreamFactory9}@${MyDreamFactory10}@${MyDreamFactory11}@${MyDreamFactory12}"
ForOtherDreamFactory6="${MyDreamFactory1}@${MyDreamFactory7}@${MyDreamFactory8}@${MyDreamFactory9}@${MyDreamFactory10}@${MyDreamFactory11}@${MyDreamFactory12}@${MyDreamFactory13}"
ForOtherDreamFactory7="${MyDreamFactory1}@${MyDreamFactory8}@${MyDreamFactory9}@${MyDreamFactory10}@${MyDreamFactory11}@${MyDreamFactory12}@${MyDreamFactory13}@${MyDreamFactory14}"
ForOtherDreamFactory8="${MyDreamFactory1}@${MyDreamFactory9}@${MyDreamFactory10}@${MyDreamFactory11}@${MyDreamFactory12}@${MyDreamFactory13}@${MyDreamFactory14}@${MyDreamFactory15}"
ForOtherDreamFactory9="${MyDreamFactory1}@${MyDreamFactory10}@${MyDreamFactory11}@${MyDreamFactory12}@${MyDreamFactory13}@${MyDreamFactory14}@${MyDreamFactory15}@${MyDreamFactory16}"
ForOtherDreamFactory10="${MyDreamFactory1}@${MyDreamFactory11}@${MyDreamFactory12}@${MyDreamFactory13}@${MyDreamFactory14}@${MyDreamFactory15}@${MyDreamFactory16}@${MyDreamFactory17}"
ForOtherDreamFactory11="${MyDreamFactory1}@${MyDreamFactory12}@${MyDreamFactory13}@${MyDreamFactory14}@${MyDreamFactory15}@${MyDreamFactory16}@${MyDreamFactory17}@${MyDreamFactory18}"
ForOtherDreamFactory12="${MyDreamFactory1}@${MyDreamFactory13}@${MyDreamFactory14}@${MyDreamFactory15}@${MyDreamFactory16}@${MyDreamFactory17}@${MyDreamFactory18}@${MyDreamFactory19}"
ForOtherDreamFactory13="${MyDreamFactory1}@${MyDreamFactory14}@${MyDreamFactory15}@${MyDreamFactory16}@${MyDreamFactory17}@${MyDreamFactory18}@${MyDreamFactory19}@${MyDreamFactory20}"
ForOtherDreamFactory14="${MyDreamFactory1}@${MyDreamFactory15}@${MyDreamFactory16}@${MyDreamFactory17}@${MyDreamFactory18}@${MyDreamFactory19}@${MyDreamFactory20}@${MyDreamFactory21}"
ForOtherDreamFactory15="${MyDreamFactory1}@${MyDreamFactory16}@${MyDreamFactory17}@${MyDreamFactory18}@${MyDreamFactory19}@${MyDreamFactory20}@${MyDreamFactory21}@${MyDreamFactory22}"
ForOtherDreamFactory16="${MyDreamFactory1}@${MyDreamFactory17}@${MyDreamFactory18}@${MyDreamFactory19}@${MyDreamFactory20}@${MyDreamFactory21}@${MyDreamFactory22}@${MyDreamFactory23}"
ForOtherDreamFactory17="${MyDreamFactory1}@${MyDreamFactory18}@${MyDreamFactory19}@${MyDreamFactory20}@${MyDreamFactory21}@${MyDreamFactory22}@${MyDreamFactory23}@${MyDreamFactory24}"
ForOtherDreamFactory18="${MyDreamFactory1}@${MyDreamFactory19}@${MyDreamFactory20}@${MyDreamFactory21}@${MyDreamFactory22}@${MyDreamFactory23}@${MyDreamFactory24}@${MyDreamFactory25}"
ForOtherDreamFactory19="${MyDreamFactory1}@${MyDreamFactory20}@${MyDreamFactory21}@${MyDreamFactory22}@${MyDreamFactory23}@${MyDreamFactory24}@${MyDreamFactory25}@${MyDreamFactory26}"
ForOtherDreamFactory20="${MyDreamFactory1}@${MyDreamFactory21}@${MyDreamFactory22}@${MyDreamFactory23}@${MyDreamFactory24}@${MyDreamFactory25}@${MyDreamFactory26}@${MyDreamFactory27}"
ForOtherDreamFactory21="${MyDreamFactory1}@${MyDreamFactory22}@${MyDreamFactory23}@${MyDreamFactory24}@${MyDreamFactory25}@${MyDreamFactory26}@${MyDreamFactory27}@${MyDreamFactory28}"
ForOtherDreamFactory22="${MyDreamFactory1}@${MyDreamFactory23}@${MyDreamFactory24}@${MyDreamFactory25}@${MyDreamFactory26}@${MyDreamFactory27}@${MyDreamFactory28}@${MyDreamFactory29}"
ForOtherDreamFactory23="${MyDreamFactory1}@${MyDreamFactory24}@${MyDreamFactory25}@${MyDreamFactory26}@${MyDreamFactory27}@${MyDreamFactory28}@${MyDreamFactory29}@${MyDreamFactory30}"
ForOtherDreamFactory24="${MyDreamFactory1}@${MyDreamFactory25}@${MyDreamFactory26}@${MyDreamFactory27}@${MyDreamFactory28}@${MyDreamFactory29}@${MyDreamFactory30}@${MyDreamFactory31}"
ForOtherDreamFactory25="${MyDreamFactory1}@${MyDreamFactory26}@${MyDreamFactory27}@${MyDreamFactory28}@${MyDreamFactory29}@${MyDreamFactory30}@${MyDreamFactory31}@${MyDreamFactory32}"
ForOtherDreamFactory26="${MyDreamFactory1}@${MyDreamFactory27}@${MyDreamFactory28}@${MyDreamFactory29}@${MyDreamFactory30}@${MyDreamFactory31}@${MyDreamFactory32}@${MyDreamFactory33}"
ForOtherDreamFactory27="${MyDreamFactory1}@${MyDreamFactory28}@${MyDreamFactory29}@${MyDreamFactory30}@${MyDreamFactory31}@${MyDreamFactory32}@${MyDreamFactory33}@${MyDreamFactory34}"
ForOtherDreamFactory28="${MyDreamFactory1}@${MyDreamFactory29}@${MyDreamFactory30}@${MyDreamFactory31}@${MyDreamFactory32}@${MyDreamFactory33}@${MyDreamFactory34}@${MyDreamFactory35}"
ForOtherDreamFactory29="${MyDreamFactory1}@${MyDreamFactory30}@${MyDreamFactory31}@${MyDreamFactory32}@${MyDreamFactory33}@${MyDreamFactory34}@${MyDreamFactory35}@${MyDreamFactory1}"
ForOtherDreamFactory30="${MyDreamFactory1}@${MyDreamFactory31}@${MyDreamFactory32}@${MyDreamFactory33}@${MyDreamFactory34}@${MyDreamFactory35}@${MyDreamFactory1}@${MyDreamFactory2}"
ForOtherDreamFactory31="${MyDreamFactory1}@${MyDreamFactory32}@${MyDreamFactory33}@${MyDreamFactory34}@${MyDreamFactory35}@${MyDreamFactory1}@${MyDreamFactory2}@${MyDreamFactory3}"
ForOtherDreamFactory32="${MyDreamFactory1}@${MyDreamFactory33}@${MyDreamFactory34}@${MyDreamFactory35}@${MyDreamFactory1}@${MyDreamFactory2}@${MyDreamFactory3}@${MyDreamFactory4}"
ForOtherDreamFactory33="${MyDreamFactory1}@${MyDreamFactory34}@${MyDreamFactory35}@${MyDreamFactory1}@${MyDreamFactory2}@${MyDreamFactory3}@${MyDreamFactory4}@${MyDreamFactory5}"
ForOtherDreamFactory34="${MyDreamFactory1}@${MyDreamFactory35}@${MyDreamFactory1}@${MyDreamFactory2}@${MyDreamFactory3}@${MyDreamFactory4}@${MyDreamFactory5}@${MyDreamFactory6}"
ForOtherDreamFactory35="${MyDreamFactory1}@${MyDreamFactory1}@${MyDreamFactory2}@${MyDreamFactory3}@${MyDreamFactory4}@${MyDreamFactory5}@${MyDreamFactory6}@${MyDreamFactory7}"

## 东东工厂：
MyJdFactory1='T012vfhwRxsf81DSCjVWnYaS5kRrbA'
MyJdFactory2='T0225KkcRRsY8ADXI0ynwKEOcACjVWnYaS5kRrbA'
MyJdFactory3='T0126-A1FVwa8FfQCjVWnYaS5kRrbA'
MyJdFactory4='T0205KkcCH1ssSGLSWCq5aZRCjVWnYaS5kRrbA'
MyJdFactory5='T0225KkcR0gQp1SDJRLzxaEKIgCjVWnYaS5kRrbA'
MyJdFactory6='T0225KkcREoRoV2Gc0z0x6QMJwCjVWnYaS5kRrbA'
MyJdFactory7='T028aFb9l5WmIv5j9JF0QluhoTEfiGZaCjVWnYaS5kRrbA'
MyJdFactory8='T0225KkcRh1I9gffKBn0kKNZJwCjVWnYaS5kRrbA'
MyJdFactory9='T0225KkcRB0e8lXVIRKmnPQNcwCjVWnYaS5kRrbA'
MyJdFactory10='T0117bgqG0JMrAoCjVWnYaS5kRrbA'
MyJdFactory11='T015_6VyRxoQ9lTXJRICjVWnYaS5kRrbA'
MyJdFactory12='T0225KkcRxkc81fUJBv9kvACcQCjVWnYaS5kRrbA'
MyJdFactory13='T018v_hzRBwb9FbeIxub1ACjVWnYaS5kRrbA'
MyJdFactory14='T020ZnrwlrOMLdNU9aR_kvUKCjVWnYaS5kRrbA'
MyJdFactory15='T024Z1X8lZaqIdxq96J1QWqcoLXdCjVWnYaS5kRrbA'
MyJdFactory16='T011uv10QB8f8l0CjVWnYaS5kRrbA'
MyJdFactory17='T0225KkcRhcZpgKBIBuhlPINcgCjVWnYaS5kRrbA'
MyJdFactory18='T0154qQ3E0ZMoFXeKBICjVWnYaS5kRrbA'
MyJdFactory19='T018v_V7QR0Z9FPVJBqb1ACjVWnYaS5kRrbA'
MyJdFactory20='T018v_51Rxob91LWIh-b1ACjVWnYaS5kRrbA'
MyJdFactory21='T0225KkcRkof8AWGcRuilvENIACjVWnYaS5kRrbA'
MyJdFactory22='T0225KkcRRwRoQeEKE73wKRbIgCjVWnYaS5kRrbA'
MyJdFactory23='T0076aQtBUsCjVWnYaS5kRrbA'
MyJdFactory24='T0225KkcRB4e9wWCcR70nPMDcACjVWnYaS5kRrbA'
MyJdFactory25='T0225KkcRh8Z8QLXcUmnkf8LIACjVWnYaS5kRrbA'
MyJdFactory26='T022v_5xQxoa91fTPRjzk_cNfACjVWnYaS5kRrbA'
MyJdFactory27='T0205KkcKENsriquemKvzq15CjVWnYaS5kRrbA'
MyJdFactory28='T0225KkcRh9L9VCCKE-iwvMIcQCjVWnYaS5kRrbA'
MyJdFactory29='T0225KkcRRlL9AbeIx30x6QLdACjVWnYaS5kRrbA'
MyJdFactory30='T014Z1DambOw_FHUKQCjVWnYaS5kRrbA'
MyJdFactory31='T0225KkcRhxK8ADRIEn0x6YLcACjVWnYaS5kRrbA'
MyJdFactory32='T0205KkcMWJqnDySXW6A0al3CjVWnYaS5kRrbA'
MyJdFactory33='T0205KkcMllhsjK9YXmez5VCCjVWnYaS5kRrbA'
MyJdFactory34='T010a0rPlqyP_QCjVWnYaS5kRrbA'
MyJdFactory35='T0225KkcRhsZ9FTWIEjyk_QPcgCjVWnYaS5kRrbA'

ForOtherJdFactory1="${MyJdFactory2}@${MyJdFactory3}@${MyJdFactory4}@${MyJdFactory5}@${MyJdFactory6}@${MyJdFactory7}@${MyJdFactory8}@${MyJdFactory9}"
ForOtherJdFactory2="${MyJdFactory1}@${MyJdFactory3}@${MyJdFactory4}@${MyJdFactory5}@${MyJdFactory6}@${MyJdFactory7}@${MyJdFactory8}@${MyJdFactory9}"
ForOtherJdFactory3="${MyJdFactory1}@${MyJdFactory4}@${MyJdFactory5}@${MyJdFactory6}@${MyJdFactory7}@${MyJdFactory8}@${MyJdFactory9}@${MyJdFactory10}"
ForOtherJdFactory4="${MyJdFactory1}@${MyJdFactory5}@${MyJdFactory6}@${MyJdFactory7}@${MyJdFactory8}@${MyJdFactory9}@${MyJdFactory10}@${MyJdFactory11}"
ForOtherJdFactory5="${MyJdFactory1}@${MyJdFactory6}@${MyJdFactory7}@${MyJdFactory8}@${MyJdFactory9}@${MyJdFactory10}@${MyJdFactory11}@${MyJdFactory12}"
ForOtherJdFactory6="${MyJdFactory1}@${MyJdFactory7}@${MyJdFactory8}@${MyJdFactory9}@${MyJdFactory10}@${MyJdFactory11}@${MyJdFactory12}@${MyJdFactory13}"
ForOtherJdFactory7="${MyJdFactory1}@${MyJdFactory8}@${MyJdFactory9}@${MyJdFactory10}@${MyJdFactory11}@${MyJdFactory12}@${MyJdFactory13}@${MyJdFactory14}"
ForOtherJdFactory8="${MyJdFactory1}@${MyJdFactory9}@${MyJdFactory10}@${MyJdFactory11}@${MyJdFactory12}@${MyJdFactory13}@${MyJdFactory14}@${MyJdFactory15}"
ForOtherJdFactory9="${MyJdFactory1}@${MyJdFactory10}@${MyJdFactory11}@${MyJdFactory12}@${MyJdFactory13}@${MyJdFactory14}@${MyJdFactory15}@${MyJdFactory16}"
ForOtherJdFactory10="${MyJdFactory1}@${MyJdFactory11}@${MyJdFactory12}@${MyJdFactory13}@${MyJdFactory14}@${MyJdFactory15}@${MyJdFactory16}@${MyJdFactory17}"
ForOtherJdFactory11="${MyJdFactory1}@${MyJdFactory12}@${MyJdFactory13}@${MyJdFactory14}@${MyJdFactory15}@${MyJdFactory16}@${MyJdFactory17}@${MyJdFactory18}"
ForOtherJdFactory12="${MyJdFactory1}@${MyJdFactory13}@${MyJdFactory14}@${MyJdFactory15}@${MyJdFactory16}@${MyJdFactory17}@${MyJdFactory18}@${MyJdFactory19}"
ForOtherJdFactory13="${MyJdFactory1}@${MyJdFactory14}@${MyJdFactory15}@${MyJdFactory16}@${MyJdFactory17}@${MyJdFactory18}@${MyJdFactory19}@${MyJdFactory20}"
ForOtherJdFactory14="${MyJdFactory1}@${MyJdFactory15}@${MyJdFactory16}@${MyJdFactory17}@${MyJdFactory18}@${MyJdFactory19}@${MyJdFactory20}@${MyJdFactory21}"
ForOtherJdFactory15="${MyJdFactory1}@${MyJdFactory16}@${MyJdFactory17}@${MyJdFactory18}@${MyJdFactory19}@${MyJdFactory20}@${MyJdFactory21}@${MyJdFactory22}"
ForOtherJdFactory16="${MyJdFactory1}@${MyJdFactory17}@${MyJdFactory18}@${MyJdFactory19}@${MyJdFactory20}@${MyJdFactory21}@${MyJdFactory22}@${MyJdFactory23}"
ForOtherJdFactory17="${MyJdFactory1}@${MyJdFactory18}@${MyJdFactory19}@${MyJdFactory20}@${MyJdFactory21}@${MyJdFactory22}@${MyJdFactory23}@${MyJdFactory24}"
ForOtherJdFactory18="${MyJdFactory1}@${MyJdFactory19}@${MyJdFactory20}@${MyJdFactory21}@${MyJdFactory22}@${MyJdFactory23}@${MyJdFactory24}@${MyJdFactory25}"
ForOtherJdFactory19="${MyJdFactory1}@${MyJdFactory20}@${MyJdFactory21}@${MyJdFactory22}@${MyJdFactory23}@${MyJdFactory24}@${MyJdFactory25}@${MyJdFactory26}"
ForOtherJdFactory20="${MyJdFactory1}@${MyJdFactory21}@${MyJdFactory22}@${MyJdFactory23}@${MyJdFactory24}@${MyJdFactory25}@${MyJdFactory26}@${MyJdFactory27}"
ForOtherJdFactory21="${MyJdFactory1}@${MyJdFactory22}@${MyJdFactory23}@${MyJdFactory24}@${MyJdFactory25}@${MyJdFactory26}@${MyJdFactory27}@${MyJdFactory28}"
ForOtherJdFactory22="${MyJdFactory1}@${MyJdFactory23}@${MyJdFactory24}@${MyJdFactory25}@${MyJdFactory26}@${MyJdFactory27}@${MyJdFactory28}@${MyJdFactory29}"
ForOtherJdFactory23="${MyJdFactory1}@${MyJdFactory24}@${MyJdFactory25}@${MyJdFactory26}@${MyJdFactory27}@${MyJdFactory28}@${MyJdFactory29}@${MyJdFactory30}"
ForOtherJdFactory24="${MyJdFactory1}@${MyJdFactory25}@${MyJdFactory26}@${MyJdFactory27}@${MyJdFactory28}@${MyJdFactory29}@${MyJdFactory30}@${MyJdFactory31}"
ForOtherJdFactory25="${MyJdFactory1}@${MyJdFactory26}@${MyJdFactory27}@${MyJdFactory28}@${MyJdFactory29}@${MyJdFactory30}@${MyJdFactory31}@${MyJdFactory32}"
ForOtherJdFactory26="${MyJdFactory1}@${MyJdFactory27}@${MyJdFactory28}@${MyJdFactory29}@${MyJdFactory30}@${MyJdFactory31}@${MyJdFactory32}@${MyJdFactory33}"
ForOtherJdFactory27="${MyJdFactory1}@${MyJdFactory28}@${MyJdFactory29}@${MyJdFactory30}@${MyJdFactory31}@${MyJdFactory32}@${MyJdFactory33}@${MyJdFactory34}"
ForOtherJdFactory28="${MyJdFactory1}@${MyJdFactory29}@${MyJdFactory30}@${MyJdFactory31}@${MyJdFactory32}@${MyJdFactory33}@${MyJdFactory34}@${MyJdFactory35}"
ForOtherJdFactory29="${MyJdFactory1}@${MyJdFactory30}@${MyJdFactory31}@${MyJdFactory32}@${MyJdFactory33}@${MyJdFactory34}@${MyJdFactory35}@${MyJdFactory1}"
ForOtherJdFactory30="${MyJdFactory1}@${MyJdFactory31}@${MyJdFactory32}@${MyJdFactory33}@${MyJdFactory34}@${MyJdFactory35}@${MyJdFactory1}@${MyJdFactory2}"
ForOtherJdFactory31="${MyJdFactory1}@${MyJdFactory32}@${MyJdFactory33}@${MyJdFactory34}@${MyJdFactory35}@${MyJdFactory1}@${MyJdFactory2}@${MyJdFactory3}"
ForOtherJdFactory32="${MyJdFactory1}@${MyJdFactory33}@${MyJdFactory34}@${MyJdFactory35}@${MyJdFactory1}@${MyJdFactory2}@${MyJdFactory3}@${MyJdFactory4}"
ForOtherJdFactory33="${MyJdFactory1}@${MyJdFactory34}@${MyJdFactory35}@${MyJdFactory1}@${MyJdFactory2}@${MyJdFactory3}@${MyJdFactory4}@${MyJdFactory5}"
ForOtherJdFactory34="${MyJdFactory1}@${MyJdFactory35}@${MyJdFactory1}@${MyJdFactory2}@${MyJdFactory3}@${MyJdFactory4}@${MyJdFactory5}@${MyJdFactory6}"
ForOtherJdFactory35="${MyJdFactory1}@${MyJdFactory1}@${MyJdFactory2}@${MyJdFactory3}@${MyJdFactory4}@${MyJdFactory5}@${MyJdFactory6}@${MyJdFactory7}"

## 京东赚赚：
## 从日志中未找到任何互助码

## 疯狂的JOY：
## 未运行过 shufflewzc_faker2_jd_crazy_joy.js 脚本，未产生日志

## 京喜农场：
MyJxnc1=''
MyJxnc2='{"smp":"c2833b460c00b52e8476285855dcfd58","active":"jdnc_1_2yuantudou210616_2","joinnum":1}'
MyJxnc3='{"smp":"412dd51dcc8cf0f68558893938a072e3","active":"jdnc_1_3yuanyoutao210616_2","joinnum":1}'
MyJxnc4='{"smp":"cfed19e7e22253d7c60b6183f8c88436","active":"jdnc_1_3yuanyoutao210616_2","joinnum":1}'
MyJxnc5='{"smp":"d32f9b285fe8b18ddab6d41f2add7d5f","active":"jdnc_1_3yuanyoutao210616_2","joinnum":2}'
MyJxnc6='{"smp":"176952a3d0b3e4c79aaf562a9cc43e1d","active":"jdnc_1_3yuanyoutao210616_2","joinnum":1}'
MyJxnc7=''
MyJxnc8=''
MyJxnc9='{"smp":"4c51c2d7650b68b2a4a3100e44005eba","active":"jdnc_1_3yuanhuaniu210422_2","joinnum":1}'
MyJxnc10=''
MyJxnc11=''
MyJxnc12='{"smp":"c01d96fb0add3f5232cfaf1bc631c879","active":"jdnc_1_3yuanganju210601_2","joinnum":1}'
MyJxnc13=''
MyJxnc14='{"smp":"0a79eeee4649b6a62659674d6d85dc4c","active":"jdnc_1_2yuanchouju210422_2","joinnum":1}'
MyJxnc15='{"smp":"99a6d19df589756f0dbcf46dcb1cf4e0","active":"jdnc_1_2yuantudou210616_2","joinnum":1}'
MyJxnc16='{"smp":"a3cc94cd2382fe3fce80e14c835a7c18","active":"jdnc_1_minorange1208_2","joinnum":1}'
MyJxnc17=''
MyJxnc18=''
MyJxnc19=''
MyJxnc20=''
MyJxnc21='{"smp":"404fb88dabac5ae6892f1bf360861f46","active":"jdnc_1_2yuantudou210616_2","joinnum":1}'
MyJxnc22=''
MyJxnc23=''
MyJxnc24=''
MyJxnc25=''
MyJxnc26=''
MyJxnc27=''
MyJxnc28=''
MyJxnc29=''
MyJxnc30='{"smp":"d342923156b0f9d856d8966251100505","active":"jdnc_1_3yuantiangua210422_2","joinnum":1}'
MyJxnc31=''
MyJxnc32=''
MyJxnc33=''
MyJxnc34='{"smp":"9326bffaa42b7232ac1546d0eb561818","active":"jdnc_1_3yuanshousibang210601_2","joinnum":1}'
MyJxnc35=''

ForOtherJxnc1="${MyJxnc2}@${MyJxnc3}@${MyJxnc4}@${MyJxnc5}@${MyJxnc6}@${MyJxnc7}@${MyJxnc8}@${MyJxnc9}"
ForOtherJxnc2="${MyJxnc1}@${MyJxnc3}@${MyJxnc4}@${MyJxnc5}@${MyJxnc6}@${MyJxnc7}@${MyJxnc8}@${MyJxnc9}"
ForOtherJxnc3="${MyJxnc1}@${MyJxnc4}@${MyJxnc5}@${MyJxnc6}@${MyJxnc7}@${MyJxnc8}@${MyJxnc9}@${MyJxnc10}"
ForOtherJxnc4="${MyJxnc1}@${MyJxnc5}@${MyJxnc6}@${MyJxnc7}@${MyJxnc8}@${MyJxnc9}@${MyJxnc10}@${MyJxnc11}"
ForOtherJxnc5="${MyJxnc1}@${MyJxnc6}@${MyJxnc7}@${MyJxnc8}@${MyJxnc9}@${MyJxnc10}@${MyJxnc11}@${MyJxnc12}"
ForOtherJxnc6="${MyJxnc1}@${MyJxnc7}@${MyJxnc8}@${MyJxnc9}@${MyJxnc10}@${MyJxnc11}@${MyJxnc12}@${MyJxnc13}"
ForOtherJxnc7="${MyJxnc1}@${MyJxnc8}@${MyJxnc9}@${MyJxnc10}@${MyJxnc11}@${MyJxnc12}@${MyJxnc13}@${MyJxnc14}"
ForOtherJxnc8="${MyJxnc1}@${MyJxnc9}@${MyJxnc10}@${MyJxnc11}@${MyJxnc12}@${MyJxnc13}@${MyJxnc14}@${MyJxnc15}"
ForOtherJxnc9="${MyJxnc1}@${MyJxnc10}@${MyJxnc11}@${MyJxnc12}@${MyJxnc13}@${MyJxnc14}@${MyJxnc15}@${MyJxnc16}"
ForOtherJxnc10="${MyJxnc1}@${MyJxnc11}@${MyJxnc12}@${MyJxnc13}@${MyJxnc14}@${MyJxnc15}@${MyJxnc16}@${MyJxnc17}"
ForOtherJxnc11="${MyJxnc1}@${MyJxnc12}@${MyJxnc13}@${MyJxnc14}@${MyJxnc15}@${MyJxnc16}@${MyJxnc17}@${MyJxnc18}"
ForOtherJxnc12="${MyJxnc1}@${MyJxnc13}@${MyJxnc14}@${MyJxnc15}@${MyJxnc16}@${MyJxnc17}@${MyJxnc18}@${MyJxnc19}"
ForOtherJxnc13="${MyJxnc1}@${MyJxnc14}@${MyJxnc15}@${MyJxnc16}@${MyJxnc17}@${MyJxnc18}@${MyJxnc19}@${MyJxnc20}"
ForOtherJxnc14="${MyJxnc1}@${MyJxnc15}@${MyJxnc16}@${MyJxnc17}@${MyJxnc18}@${MyJxnc19}@${MyJxnc20}@${MyJxnc21}"
ForOtherJxnc15="${MyJxnc1}@${MyJxnc16}@${MyJxnc17}@${MyJxnc18}@${MyJxnc19}@${MyJxnc20}@${MyJxnc21}@${MyJxnc22}"
ForOtherJxnc16="${MyJxnc1}@${MyJxnc17}@${MyJxnc18}@${MyJxnc19}@${MyJxnc20}@${MyJxnc21}@${MyJxnc22}@${MyJxnc23}"
ForOtherJxnc17="${MyJxnc1}@${MyJxnc18}@${MyJxnc19}@${MyJxnc20}@${MyJxnc21}@${MyJxnc22}@${MyJxnc23}@${MyJxnc24}"
ForOtherJxnc18="${MyJxnc1}@${MyJxnc19}@${MyJxnc20}@${MyJxnc21}@${MyJxnc22}@${MyJxnc23}@${MyJxnc24}@${MyJxnc25}"
ForOtherJxnc19="${MyJxnc1}@${MyJxnc20}@${MyJxnc21}@${MyJxnc22}@${MyJxnc23}@${MyJxnc24}@${MyJxnc25}@${MyJxnc26}"
ForOtherJxnc20="${MyJxnc1}@${MyJxnc21}@${MyJxnc22}@${MyJxnc23}@${MyJxnc24}@${MyJxnc25}@${MyJxnc26}@${MyJxnc27}"
ForOtherJxnc21="${MyJxnc1}@${MyJxnc22}@${MyJxnc23}@${MyJxnc24}@${MyJxnc25}@${MyJxnc26}@${MyJxnc27}@${MyJxnc28}"
ForOtherJxnc22="${MyJxnc1}@${MyJxnc23}@${MyJxnc24}@${MyJxnc25}@${MyJxnc26}@${MyJxnc27}@${MyJxnc28}@${MyJxnc29}"
ForOtherJxnc23="${MyJxnc1}@${MyJxnc24}@${MyJxnc25}@${MyJxnc26}@${MyJxnc27}@${MyJxnc28}@${MyJxnc29}@${MyJxnc30}"
ForOtherJxnc24="${MyJxnc1}@${MyJxnc25}@${MyJxnc26}@${MyJxnc27}@${MyJxnc28}@${MyJxnc29}@${MyJxnc30}@${MyJxnc31}"
ForOtherJxnc25="${MyJxnc1}@${MyJxnc26}@${MyJxnc27}@${MyJxnc28}@${MyJxnc29}@${MyJxnc30}@${MyJxnc31}@${MyJxnc32}"
ForOtherJxnc26="${MyJxnc1}@${MyJxnc27}@${MyJxnc28}@${MyJxnc29}@${MyJxnc30}@${MyJxnc31}@${MyJxnc32}@${MyJxnc33}"
ForOtherJxnc27="${MyJxnc1}@${MyJxnc28}@${MyJxnc29}@${MyJxnc30}@${MyJxnc31}@${MyJxnc32}@${MyJxnc33}@${MyJxnc34}"
ForOtherJxnc28="${MyJxnc1}@${MyJxnc29}@${MyJxnc30}@${MyJxnc31}@${MyJxnc32}@${MyJxnc33}@${MyJxnc34}@${MyJxnc35}"
ForOtherJxnc29="${MyJxnc1}@${MyJxnc30}@${MyJxnc31}@${MyJxnc32}@${MyJxnc33}@${MyJxnc34}@${MyJxnc35}@${MyJxnc1}"
ForOtherJxnc30="${MyJxnc1}@${MyJxnc31}@${MyJxnc32}@${MyJxnc33}@${MyJxnc34}@${MyJxnc35}@${MyJxnc1}@${MyJxnc2}"
ForOtherJxnc31="${MyJxnc1}@${MyJxnc32}@${MyJxnc33}@${MyJxnc34}@${MyJxnc35}@${MyJxnc1}@${MyJxnc2}@${MyJxnc3}"
ForOtherJxnc32="${MyJxnc1}@${MyJxnc33}@${MyJxnc34}@${MyJxnc35}@${MyJxnc1}@${MyJxnc2}@${MyJxnc3}@${MyJxnc4}"
ForOtherJxnc33="${MyJxnc1}@${MyJxnc34}@${MyJxnc35}@${MyJxnc1}@${MyJxnc2}@${MyJxnc3}@${MyJxnc4}@${MyJxnc5}"
ForOtherJxnc34="${MyJxnc1}@${MyJxnc35}@${MyJxnc1}@${MyJxnc2}@${MyJxnc3}@${MyJxnc4}@${MyJxnc5}@${MyJxnc6}"
ForOtherJxnc35="${MyJxnc1}@${MyJxnc1}@${MyJxnc2}@${MyJxnc3}@${MyJxnc4}@${MyJxnc5}@${MyJxnc6}@${MyJxnc7}"

## 口袋书店：
MyBookShop1='6dc7331201b74286acfdbbb5790b4b50'
MyBookShop2=''
MyBookShop3='6dc7331201b74286acfdbbb5790b4b50'
MyBookShop4=''
MyBookShop5=''
MyBookShop6='6dc7331201b74286acfdbbb5790b4b50'
MyBookShop7=''
MyBookShop8=''
MyBookShop9=''
MyBookShop10=''
MyBookShop11=''
MyBookShop12=''
MyBookShop13=''
MyBookShop14=''
MyBookShop15=''
MyBookShop16=''
MyBookShop17=''
MyBookShop18=''
MyBookShop19=''
MyBookShop20=''
MyBookShop21=''
MyBookShop22=''
MyBookShop23=''
MyBookShop24=''
MyBookShop25=''
MyBookShop26=''
MyBookShop27=''
MyBookShop28=''
MyBookShop29=''
MyBookShop30=''
MyBookShop31=''
MyBookShop32=''
MyBookShop33=''
MyBookShop34=''
MyBookShop35=''

ForOtherBookShop1="${MyBookShop2}@${MyBookShop3}@${MyBookShop4}@${MyBookShop5}@${MyBookShop6}@${MyBookShop7}@${MyBookShop8}@${MyBookShop9}"
ForOtherBookShop2="${MyBookShop1}@${MyBookShop3}@${MyBookShop4}@${MyBookShop5}@${MyBookShop6}@${MyBookShop7}@${MyBookShop8}@${MyBookShop9}"
ForOtherBookShop3="${MyBookShop1}@${MyBookShop4}@${MyBookShop5}@${MyBookShop6}@${MyBookShop7}@${MyBookShop8}@${MyBookShop9}@${MyBookShop10}"
ForOtherBookShop4="${MyBookShop1}@${MyBookShop5}@${MyBookShop6}@${MyBookShop7}@${MyBookShop8}@${MyBookShop9}@${MyBookShop10}@${MyBookShop11}"
ForOtherBookShop5="${MyBookShop1}@${MyBookShop6}@${MyBookShop7}@${MyBookShop8}@${MyBookShop9}@${MyBookShop10}@${MyBookShop11}@${MyBookShop12}"
ForOtherBookShop6="${MyBookShop1}@${MyBookShop7}@${MyBookShop8}@${MyBookShop9}@${MyBookShop10}@${MyBookShop11}@${MyBookShop12}@${MyBookShop13}"
ForOtherBookShop7="${MyBookShop1}@${MyBookShop8}@${MyBookShop9}@${MyBookShop10}@${MyBookShop11}@${MyBookShop12}@${MyBookShop13}@${MyBookShop14}"
ForOtherBookShop8="${MyBookShop1}@${MyBookShop9}@${MyBookShop10}@${MyBookShop11}@${MyBookShop12}@${MyBookShop13}@${MyBookShop14}@${MyBookShop15}"
ForOtherBookShop9="${MyBookShop1}@${MyBookShop10}@${MyBookShop11}@${MyBookShop12}@${MyBookShop13}@${MyBookShop14}@${MyBookShop15}@${MyBookShop16}"
ForOtherBookShop10="${MyBookShop1}@${MyBookShop11}@${MyBookShop12}@${MyBookShop13}@${MyBookShop14}@${MyBookShop15}@${MyBookShop16}@${MyBookShop17}"
ForOtherBookShop11="${MyBookShop1}@${MyBookShop12}@${MyBookShop13}@${MyBookShop14}@${MyBookShop15}@${MyBookShop16}@${MyBookShop17}@${MyBookShop18}"
ForOtherBookShop12="${MyBookShop1}@${MyBookShop13}@${MyBookShop14}@${MyBookShop15}@${MyBookShop16}@${MyBookShop17}@${MyBookShop18}@${MyBookShop19}"
ForOtherBookShop13="${MyBookShop1}@${MyBookShop14}@${MyBookShop15}@${MyBookShop16}@${MyBookShop17}@${MyBookShop18}@${MyBookShop19}@${MyBookShop20}"
ForOtherBookShop14="${MyBookShop1}@${MyBookShop15}@${MyBookShop16}@${MyBookShop17}@${MyBookShop18}@${MyBookShop19}@${MyBookShop20}@${MyBookShop21}"
ForOtherBookShop15="${MyBookShop1}@${MyBookShop16}@${MyBookShop17}@${MyBookShop18}@${MyBookShop19}@${MyBookShop20}@${MyBookShop21}@${MyBookShop22}"
ForOtherBookShop16="${MyBookShop1}@${MyBookShop17}@${MyBookShop18}@${MyBookShop19}@${MyBookShop20}@${MyBookShop21}@${MyBookShop22}@${MyBookShop23}"
ForOtherBookShop17="${MyBookShop1}@${MyBookShop18}@${MyBookShop19}@${MyBookShop20}@${MyBookShop21}@${MyBookShop22}@${MyBookShop23}@${MyBookShop24}"
ForOtherBookShop18="${MyBookShop1}@${MyBookShop19}@${MyBookShop20}@${MyBookShop21}@${MyBookShop22}@${MyBookShop23}@${MyBookShop24}@${MyBookShop25}"
ForOtherBookShop19="${MyBookShop1}@${MyBookShop20}@${MyBookShop21}@${MyBookShop22}@${MyBookShop23}@${MyBookShop24}@${MyBookShop25}@${MyBookShop26}"
ForOtherBookShop20="${MyBookShop1}@${MyBookShop21}@${MyBookShop22}@${MyBookShop23}@${MyBookShop24}@${MyBookShop25}@${MyBookShop26}@${MyBookShop27}"
ForOtherBookShop21="${MyBookShop1}@${MyBookShop22}@${MyBookShop23}@${MyBookShop24}@${MyBookShop25}@${MyBookShop26}@${MyBookShop27}@${MyBookShop28}"
ForOtherBookShop22="${MyBookShop1}@${MyBookShop23}@${MyBookShop24}@${MyBookShop25}@${MyBookShop26}@${MyBookShop27}@${MyBookShop28}@${MyBookShop29}"
ForOtherBookShop23="${MyBookShop1}@${MyBookShop24}@${MyBookShop25}@${MyBookShop26}@${MyBookShop27}@${MyBookShop28}@${MyBookShop29}@${MyBookShop30}"
ForOtherBookShop24="${MyBookShop1}@${MyBookShop25}@${MyBookShop26}@${MyBookShop27}@${MyBookShop28}@${MyBookShop29}@${MyBookShop30}@${MyBookShop31}"
ForOtherBookShop25="${MyBookShop1}@${MyBookShop26}@${MyBookShop27}@${MyBookShop28}@${MyBookShop29}@${MyBookShop30}@${MyBookShop31}@${MyBookShop32}"
ForOtherBookShop26="${MyBookShop1}@${MyBookShop27}@${MyBookShop28}@${MyBookShop29}@${MyBookShop30}@${MyBookShop31}@${MyBookShop32}@${MyBookShop33}"
ForOtherBookShop27="${MyBookShop1}@${MyBookShop28}@${MyBookShop29}@${MyBookShop30}@${MyBookShop31}@${MyBookShop32}@${MyBookShop33}@${MyBookShop34}"
ForOtherBookShop28="${MyBookShop1}@${MyBookShop29}@${MyBookShop30}@${MyBookShop31}@${MyBookShop32}@${MyBookShop33}@${MyBookShop34}@${MyBookShop35}"
ForOtherBookShop29="${MyBookShop1}@${MyBookShop30}@${MyBookShop31}@${MyBookShop32}@${MyBookShop33}@${MyBookShop34}@${MyBookShop35}@${MyBookShop1}"
ForOtherBookShop30="${MyBookShop1}@${MyBookShop31}@${MyBookShop32}@${MyBookShop33}@${MyBookShop34}@${MyBookShop35}@${MyBookShop1}@${MyBookShop2}"
ForOtherBookShop31="${MyBookShop1}@${MyBookShop32}@${MyBookShop33}@${MyBookShop34}@${MyBookShop35}@${MyBookShop1}@${MyBookShop2}@${MyBookShop3}"
ForOtherBookShop32="${MyBookShop1}@${MyBookShop33}@${MyBookShop34}@${MyBookShop35}@${MyBookShop1}@${MyBookShop2}@${MyBookShop3}@${MyBookShop4}"
ForOtherBookShop33="${MyBookShop1}@${MyBookShop34}@${MyBookShop35}@${MyBookShop1}@${MyBookShop2}@${MyBookShop3}@${MyBookShop4}@${MyBookShop5}"
ForOtherBookShop34="${MyBookShop1}@${MyBookShop35}@${MyBookShop1}@${MyBookShop2}@${MyBookShop3}@${MyBookShop4}@${MyBookShop5}@${MyBookShop6}"
ForOtherBookShop35="${MyBookShop1}@${MyBookShop1}@${MyBookShop2}@${MyBookShop3}@${MyBookShop4}@${MyBookShop5}@${MyBookShop6}@${MyBookShop7}"

## 签到领现金：
MyCash1='IB40a-m0YPgj'
MyCash2='eU9YaemzY6gm8jiGnyUX0g'
MyCash3='dgZxOa6xY_8h'
MyCash4='eU9YJI_HIol6mBSLuiJI'
MyCash5='eU9Ya7q7NPxy9GbSmiUTgA'
MyCash6='eU9YaLi6MvV3ojjVmCAVhQ'
MyCash7='9bC5u2cNsVaSJeVVHd-4Ax1tteZQ'
MyCash8='eU9Yau_jZa8u-W3VzydAhQ'
MyCash9='eU9YaO-1Yf0k8GaHw3AU0Q'
MyCash10='cF5uN7DnP6I'
MyCash11='YkM2a-i7Zfwm9GY'
MyCash12='eU9Ya-u3YP8l9W_czXQb0w'
MyCash13='Ih43aO6wZ_4v8m-6iw'
MyCash14='-5y0ukEnvnulJNBezXET'
MyCash15='-rO4uWQBsnSbJtZUHu6FAgKI'
MyCash16='JxswbO20YfU'
MyCash17='eU9YauWyNapw8W-Ay3YU0A'
MyCash18='f0JzP7TnM_0v-WY'
MyCash19='IhM_be-yZ_sk9W66iw'
MyCash20='Ihgxa-iwZPon82u6iw'
MyCash21='eU9Yari0Y613oG-DyXUUgg'
MyCash22='eU9Yae66Mq91-TrWnyBCgA'
MyCash23='dEJpKbk'
MyCash24='eU9YaOy1ZK1zoGrVw3ca0g'
MyCash25='eU9Yau2yYqomoD2GznsSgg'
MyCash26='Ihg1b-ixZP8i7GzSzHMU3g'
MyCash27='eU9YBLHHPYJfqxaOkSlg'
MyCash28='eU9Yau3gZvhz-TuDnXcR0w'
MyCash29='eU9YaevgZ64v8mnVmCAS1g'
MyCash30='-raetUEbb_kl-A'
MyCash31='eU9Yau7hY6gg8T3VmCIS0g'
MyCash32='eU9YHZDBD5RjjBqhji1u'
MyCash33='eU9YHqvKIZpMsA2_kBFb'
MyCash34='9qyLul4kbg'
MyCash35='eU9YaumyZ_wn8TzTzHAW0A'

ForOtherCash1="${MyCash2}@${MyCash3}@${MyCash4}@${MyCash5}@${MyCash6}@${MyCash7}@${MyCash8}@${MyCash9}"
ForOtherCash2="${MyCash1}@${MyCash3}@${MyCash4}@${MyCash5}@${MyCash6}@${MyCash7}@${MyCash8}@${MyCash9}"
ForOtherCash3="${MyCash1}@${MyCash4}@${MyCash5}@${MyCash6}@${MyCash7}@${MyCash8}@${MyCash9}@${MyCash10}"
ForOtherCash4="${MyCash1}@${MyCash5}@${MyCash6}@${MyCash7}@${MyCash8}@${MyCash9}@${MyCash10}@${MyCash11}"
ForOtherCash5="${MyCash1}@${MyCash6}@${MyCash7}@${MyCash8}@${MyCash9}@${MyCash10}@${MyCash11}@${MyCash12}"
ForOtherCash6="${MyCash1}@${MyCash7}@${MyCash8}@${MyCash9}@${MyCash10}@${MyCash11}@${MyCash12}@${MyCash13}"
ForOtherCash7="${MyCash1}@${MyCash8}@${MyCash9}@${MyCash10}@${MyCash11}@${MyCash12}@${MyCash13}@${MyCash14}"
ForOtherCash8="${MyCash1}@${MyCash9}@${MyCash10}@${MyCash11}@${MyCash12}@${MyCash13}@${MyCash14}@${MyCash15}"
ForOtherCash9="${MyCash1}@${MyCash10}@${MyCash11}@${MyCash12}@${MyCash13}@${MyCash14}@${MyCash15}@${MyCash16}"
ForOtherCash10="${MyCash1}@${MyCash11}@${MyCash12}@${MyCash13}@${MyCash14}@${MyCash15}@${MyCash16}@${MyCash17}"
ForOtherCash11="${MyCash1}@${MyCash12}@${MyCash13}@${MyCash14}@${MyCash15}@${MyCash16}@${MyCash17}@${MyCash18}"
ForOtherCash12="${MyCash1}@${MyCash13}@${MyCash14}@${MyCash15}@${MyCash16}@${MyCash17}@${MyCash18}@${MyCash19}"
ForOtherCash13="${MyCash1}@${MyCash14}@${MyCash15}@${MyCash16}@${MyCash17}@${MyCash18}@${MyCash19}@${MyCash20}"
ForOtherCash14="${MyCash1}@${MyCash15}@${MyCash16}@${MyCash17}@${MyCash18}@${MyCash19}@${MyCash20}@${MyCash21}"
ForOtherCash15="${MyCash1}@${MyCash16}@${MyCash17}@${MyCash18}@${MyCash19}@${MyCash20}@${MyCash21}@${MyCash22}"
ForOtherCash16="${MyCash1}@${MyCash17}@${MyCash18}@${MyCash19}@${MyCash20}@${MyCash21}@${MyCash22}@${MyCash23}"
ForOtherCash17="${MyCash1}@${MyCash18}@${MyCash19}@${MyCash20}@${MyCash21}@${MyCash22}@${MyCash23}@${MyCash24}"
ForOtherCash18="${MyCash1}@${MyCash19}@${MyCash20}@${MyCash21}@${MyCash22}@${MyCash23}@${MyCash24}@${MyCash25}"
ForOtherCash19="${MyCash1}@${MyCash20}@${MyCash21}@${MyCash22}@${MyCash23}@${MyCash24}@${MyCash25}@${MyCash26}"
ForOtherCash20="${MyCash1}@${MyCash21}@${MyCash22}@${MyCash23}@${MyCash24}@${MyCash25}@${MyCash26}@${MyCash27}"
ForOtherCash21="${MyCash1}@${MyCash22}@${MyCash23}@${MyCash24}@${MyCash25}@${MyCash26}@${MyCash27}@${MyCash28}"
ForOtherCash22="${MyCash1}@${MyCash23}@${MyCash24}@${MyCash25}@${MyCash26}@${MyCash27}@${MyCash28}@${MyCash29}"
ForOtherCash23="${MyCash1}@${MyCash24}@${MyCash25}@${MyCash26}@${MyCash27}@${MyCash28}@${MyCash29}@${MyCash30}"
ForOtherCash24="${MyCash1}@${MyCash25}@${MyCash26}@${MyCash27}@${MyCash28}@${MyCash29}@${MyCash30}@${MyCash31}"
ForOtherCash25="${MyCash1}@${MyCash26}@${MyCash27}@${MyCash28}@${MyCash29}@${MyCash30}@${MyCash31}@${MyCash32}"
ForOtherCash26="${MyCash1}@${MyCash27}@${MyCash28}@${MyCash29}@${MyCash30}@${MyCash31}@${MyCash32}@${MyCash33}"
ForOtherCash27="${MyCash1}@${MyCash28}@${MyCash29}@${MyCash30}@${MyCash31}@${MyCash32}@${MyCash33}@${MyCash34}"
ForOtherCash28="${MyCash1}@${MyCash29}@${MyCash30}@${MyCash31}@${MyCash32}@${MyCash33}@${MyCash34}@${MyCash35}"
ForOtherCash29="${MyCash1}@${MyCash30}@${MyCash31}@${MyCash32}@${MyCash33}@${MyCash34}@${MyCash35}@${MyCash1}"
ForOtherCash30="${MyCash1}@${MyCash31}@${MyCash32}@${MyCash33}@${MyCash34}@${MyCash35}@${MyCash1}@${MyCash2}"
ForOtherCash31="${MyCash1}@${MyCash32}@${MyCash33}@${MyCash34}@${MyCash35}@${MyCash1}@${MyCash2}@${MyCash3}"
ForOtherCash32="${MyCash1}@${MyCash33}@${MyCash34}@${MyCash35}@${MyCash1}@${MyCash2}@${MyCash3}@${MyCash4}"
ForOtherCash33="${MyCash1}@${MyCash34}@${MyCash35}@${MyCash1}@${MyCash2}@${MyCash3}@${MyCash4}@${MyCash5}"
ForOtherCash34="${MyCash1}@${MyCash35}@${MyCash1}@${MyCash2}@${MyCash3}@${MyCash4}@${MyCash5}@${MyCash6}"
ForOtherCash35="${MyCash1}@${MyCash1}@${MyCash2}@${MyCash3}@${MyCash4}@${MyCash5}@${MyCash6}@${MyCash7}"

## 闪购盲盒：
MySgmh1='T012vfhwRxsf81DSCjVQmoaT5kRrbA'
MySgmh2='T0225KkcRRsY8ADXI0ynwKEOcACjVQmoaT5kRrbA'
MySgmh3='T0126-A1FVwa8FfQCjVQmoaT5kRrbA'
MySgmh4='T0205KkcCH1ssSGLSWCq5aZRCjVQmoaT5kRrbA'
MySgmh5='T0225KkcR0gQp1SDJRLzxaEKIgCjVQmoaT5kRrbA'
MySgmh6='T0225KkcREoRoV2Gc0z0x6QMJwCjVQmoaT5kRrbA'
MySgmh7='T028aFb9l5WmIv5j9JF0QluhoTEfiGZaCjVQmoaT5kRrbA'
MySgmh8='T0225KkcRh1I9gffKBn0kKNZJwCjVQmoaT5kRrbA'
MySgmh9='T0225KkcRB0e8lXVIRKmnPQNcwCjVQmoaT5kRrbA'
MySgmh10='T0117bgqG0JMrAoCjVQmoaT5kRrbA'
MySgmh11='T015_6VyRxoQ9lTXJRICjVQmoaT5kRrbA'
MySgmh12='T0225KkcRxkc81fUJBv9kvACcQCjVQmoaT5kRrbA'
MySgmh13='T018v_hzRBwb9FbeIxub1ACjVQmoaT5kRrbA'
MySgmh14='T020ZnrwlrOMLdNU9aR_kvUKCjVQmoaT5kRrbA'
MySgmh15='T024Z1X8lZaqIdxq96J1QWqcoLXdCjVQmoaT5kRrbA'
MySgmh16='T011uv10QB8f8l0CjVQmoaT5kRrbA'
MySgmh17='T0225KkcRhcZpgKBIBuhlPINcgCjVQmoaT5kRrbA'
MySgmh18='T0154qQ3E0ZMoFXeKBICjVQmoaT5kRrbA'
MySgmh19='T018v_V7QR0Z9FPVJBqb1ACjVQmoaT5kRrbA'
MySgmh20='T018v_51Rxob91LWIh-b1ACjVQmoaT5kRrbA'
MySgmh21='T0225KkcRkof8AWGcRuilvENIACjVQmoaT5kRrbA'
MySgmh22='T0225KkcRRwRoQeEKE73wKRbIgCjVQmoaT5kRrbA'
MySgmh23='T0076aQtBUsCjVQmoaT5kRrbA'
MySgmh24='T0225KkcRB4e9wWCcR70nPMDcACjVQmoaT5kRrbA'
MySgmh25='T0225KkcRh8Z8QLXcUmnkf8LIACjVQmoaT5kRrbA'
MySgmh26='T022v_5xQxoa91fTPRjzk_cNfACjVQmoaT5kRrbA'
MySgmh27='T0205KkcKENsriquemKvzq15CjVQmoaT5kRrbA'
MySgmh28='T0225KkcRh9L9VCCKE-iwvMIcQCjVQmoaT5kRrbA'
MySgmh29='T0225KkcRRlL9AbeIx30x6QLdACjVQmoaT5kRrbA'
MySgmh30='T014Z1DambOw_FHUKQCjVQmoaT5kRrbA'
MySgmh31='T0225KkcRhxK8ADRIEn0x6YLcACjVQmoaT5kRrbA'
MySgmh32='T0205KkcMWJqnDySXW6A0al3CjVQmoaT5kRrbA'
MySgmh33='T0205KkcMllhsjK9YXmez5VCCjVQmoaT5kRrbA'
MySgmh34='T010a0rPlqyP_QCjVQmoaT5kRrbA'
MySgmh35='T0225KkcRhsZ9FTWIEjyk_QPcgCjVQmoaT5kRrbA'

ForOtherSgmh1="${MySgmh2}@${MySgmh3}@${MySgmh4}@${MySgmh5}@${MySgmh6}@${MySgmh7}@${MySgmh8}@${MySgmh9}"
ForOtherSgmh2="${MySgmh1}@${MySgmh3}@${MySgmh4}@${MySgmh5}@${MySgmh6}@${MySgmh7}@${MySgmh8}@${MySgmh9}"
ForOtherSgmh3="${MySgmh1}@${MySgmh4}@${MySgmh5}@${MySgmh6}@${MySgmh7}@${MySgmh8}@${MySgmh9}@${MySgmh10}"
ForOtherSgmh4="${MySgmh1}@${MySgmh5}@${MySgmh6}@${MySgmh7}@${MySgmh8}@${MySgmh9}@${MySgmh10}@${MySgmh11}"
ForOtherSgmh5="${MySgmh1}@${MySgmh6}@${MySgmh7}@${MySgmh8}@${MySgmh9}@${MySgmh10}@${MySgmh11}@${MySgmh12}"
ForOtherSgmh6="${MySgmh1}@${MySgmh7}@${MySgmh8}@${MySgmh9}@${MySgmh10}@${MySgmh11}@${MySgmh12}@${MySgmh13}"
ForOtherSgmh7="${MySgmh1}@${MySgmh8}@${MySgmh9}@${MySgmh10}@${MySgmh11}@${MySgmh12}@${MySgmh13}@${MySgmh14}"
ForOtherSgmh8="${MySgmh1}@${MySgmh9}@${MySgmh10}@${MySgmh11}@${MySgmh12}@${MySgmh13}@${MySgmh14}@${MySgmh15}"
ForOtherSgmh9="${MySgmh1}@${MySgmh10}@${MySgmh11}@${MySgmh12}@${MySgmh13}@${MySgmh14}@${MySgmh15}@${MySgmh16}"
ForOtherSgmh10="${MySgmh1}@${MySgmh11}@${MySgmh12}@${MySgmh13}@${MySgmh14}@${MySgmh15}@${MySgmh16}@${MySgmh17}"
ForOtherSgmh11="${MySgmh1}@${MySgmh12}@${MySgmh13}@${MySgmh14}@${MySgmh15}@${MySgmh16}@${MySgmh17}@${MySgmh18}"
ForOtherSgmh12="${MySgmh1}@${MySgmh13}@${MySgmh14}@${MySgmh15}@${MySgmh16}@${MySgmh17}@${MySgmh18}@${MySgmh19}"
ForOtherSgmh13="${MySgmh1}@${MySgmh14}@${MySgmh15}@${MySgmh16}@${MySgmh17}@${MySgmh18}@${MySgmh19}@${MySgmh20}"
ForOtherSgmh14="${MySgmh1}@${MySgmh15}@${MySgmh16}@${MySgmh17}@${MySgmh18}@${MySgmh19}@${MySgmh20}@${MySgmh21}"
ForOtherSgmh15="${MySgmh1}@${MySgmh16}@${MySgmh17}@${MySgmh18}@${MySgmh19}@${MySgmh20}@${MySgmh21}@${MySgmh22}"
ForOtherSgmh16="${MySgmh1}@${MySgmh17}@${MySgmh18}@${MySgmh19}@${MySgmh20}@${MySgmh21}@${MySgmh22}@${MySgmh23}"
ForOtherSgmh17="${MySgmh1}@${MySgmh18}@${MySgmh19}@${MySgmh20}@${MySgmh21}@${MySgmh22}@${MySgmh23}@${MySgmh24}"
ForOtherSgmh18="${MySgmh1}@${MySgmh19}@${MySgmh20}@${MySgmh21}@${MySgmh22}@${MySgmh23}@${MySgmh24}@${MySgmh25}"
ForOtherSgmh19="${MySgmh1}@${MySgmh20}@${MySgmh21}@${MySgmh22}@${MySgmh23}@${MySgmh24}@${MySgmh25}@${MySgmh26}"
ForOtherSgmh20="${MySgmh1}@${MySgmh21}@${MySgmh22}@${MySgmh23}@${MySgmh24}@${MySgmh25}@${MySgmh26}@${MySgmh27}"
ForOtherSgmh21="${MySgmh1}@${MySgmh22}@${MySgmh23}@${MySgmh24}@${MySgmh25}@${MySgmh26}@${MySgmh27}@${MySgmh28}"
ForOtherSgmh22="${MySgmh1}@${MySgmh23}@${MySgmh24}@${MySgmh25}@${MySgmh26}@${MySgmh27}@${MySgmh28}@${MySgmh29}"
ForOtherSgmh23="${MySgmh1}@${MySgmh24}@${MySgmh25}@${MySgmh26}@${MySgmh27}@${MySgmh28}@${MySgmh29}@${MySgmh30}"
ForOtherSgmh24="${MySgmh1}@${MySgmh25}@${MySgmh26}@${MySgmh27}@${MySgmh28}@${MySgmh29}@${MySgmh30}@${MySgmh31}"
ForOtherSgmh25="${MySgmh1}@${MySgmh26}@${MySgmh27}@${MySgmh28}@${MySgmh29}@${MySgmh30}@${MySgmh31}@${MySgmh32}"
ForOtherSgmh26="${MySgmh1}@${MySgmh27}@${MySgmh28}@${MySgmh29}@${MySgmh30}@${MySgmh31}@${MySgmh32}@${MySgmh33}"
ForOtherSgmh27="${MySgmh1}@${MySgmh28}@${MySgmh29}@${MySgmh30}@${MySgmh31}@${MySgmh32}@${MySgmh33}@${MySgmh34}"
ForOtherSgmh28="${MySgmh1}@${MySgmh29}@${MySgmh30}@${MySgmh31}@${MySgmh32}@${MySgmh33}@${MySgmh34}@${MySgmh35}"
ForOtherSgmh29="${MySgmh1}@${MySgmh30}@${MySgmh31}@${MySgmh32}@${MySgmh33}@${MySgmh34}@${MySgmh35}@${MySgmh1}"
ForOtherSgmh30="${MySgmh1}@${MySgmh31}@${MySgmh32}@${MySgmh33}@${MySgmh34}@${MySgmh35}@${MySgmh1}@${MySgmh2}"
ForOtherSgmh31="${MySgmh1}@${MySgmh32}@${MySgmh33}@${MySgmh34}@${MySgmh35}@${MySgmh1}@${MySgmh2}@${MySgmh3}"
ForOtherSgmh32="${MySgmh1}@${MySgmh33}@${MySgmh34}@${MySgmh35}@${MySgmh1}@${MySgmh2}@${MySgmh3}@${MySgmh4}"
ForOtherSgmh33="${MySgmh1}@${MySgmh34}@${MySgmh35}@${MySgmh1}@${MySgmh2}@${MySgmh3}@${MySgmh4}@${MySgmh5}"
ForOtherSgmh34="${MySgmh1}@${MySgmh35}@${MySgmh1}@${MySgmh2}@${MySgmh3}@${MySgmh4}@${MySgmh5}@${MySgmh6}"
ForOtherSgmh35="${MySgmh1}@${MySgmh1}@${MySgmh2}@${MySgmh3}@${MySgmh4}@${MySgmh5}@${MySgmh6}@${MySgmh7}"

## 京喜财富岛：
## 未运行过 shufflewzc_faker2_jd_cfd.js 脚本，未产生日志

## 东东健康社区：
MyHealth1='T012vfhwRxsf81DSCjVfnoaW5kRrbA'
MyHealth2='T0225KkcRRsY8ADXI0ynwKEOcACjVfnoaW5kRrbA'
MyHealth3='T0126-A1FVwa8FfQCjVfnoaW5kRrbA'
MyHealth4='T0205KkcCH1ssSGLSWCq5aZRCjVfnoaW5kRrbA'
MyHealth5='T0225KkcR0gQp1SDJRLzxaEKIgCjVfnoaW5kRrbA'
MyHealth6='T0225KkcREoRoV2Gc0z0x6QMJwCjVfnoaW5kRrbA'
MyHealth7='T028aFb9l5WmIv5j9JF0QluhoTEfiGZaCjVfnoaW5kRrbA'
MyHealth8='T0225KkcRh1I9gffKBn0kKNZJwCjVfnoaW5kRrbA'
MyHealth9='T0225KkcRB0e8lXVIRKmnPQNcwCjVfnoaW5kRrbA'
MyHealth10='T0117bgqG0JMrAoCjVfnoaW5kRrbA'
MyHealth11='T015_6VyRxoQ9lTXJRICjVfnoaW5kRrbA'
MyHealth12='T0225KkcRxkc81fUJBv9kvACcQCjVfnoaW5kRrbA'
MyHealth13='T018v_hzRBwb9FbeIxub1ACjVfnoaW5kRrbA'
MyHealth14='T020ZnrwlrOMLdNU9aR_kvUKCjVfnoaW5kRrbA'
MyHealth15='T024Z1X8lZaqIdxq96J1QWqcoLXdCjVfnoaW5kRrbA'
MyHealth16='T011uv10QB8f8l0CjVfnoaW5kRrbA'
MyHealth17='T0225KkcRhcZpgKBIBuhlPINcgCjVfnoaW5kRrbA'
MyHealth18='T0154qQ3E0ZMoFXeKBICjVfnoaW5kRrbA'
MyHealth19='T018v_V7QR0Z9FPVJBqb1ACjVfnoaW5kRrbA'
MyHealth20='T018v_51Rxob91LWIh-b1ACjVfnoaW5kRrbA'
MyHealth21='T0225KkcRkof8AWGcRuilvENIACjVfnoaW5kRrbA'
MyHealth22='T0225KkcRRwRoQeEKE73wKRbIgCjVfnoaW5kRrbA'
MyHealth23='T0076aQtBUsCjVfnoaW5kRrbA'
MyHealth24='T0225KkcRB4e9wWCcR70nPMDcACjVfnoaW5kRrbA'
MyHealth25='T0225KkcRh8Z8QLXcUmnkf8LIACjVfnoaW5kRrbA'
MyHealth26='T022v_5xQxoa91fTPRjzk_cNfACjVfnoaW5kRrbA'
MyHealth27='T0205KkcKENsriquemKvzq15CjVfnoaW5kRrbA'
MyHealth28='T0225KkcRh9L9VCCKE-iwvMIcQCjVfnoaW5kRrbA'
MyHealth29='T0225KkcRRlL9AbeIx30x6QLdACjVfnoaW5kRrbA'
MyHealth30='T014Z1DambOw_FHUKQCjVfnoaW5kRrbA'
MyHealth31='T0225KkcRhxK8ADRIEn0x6YLcACjVfnoaW5kRrbA'
MyHealth32='T0205KkcMWJqnDySXW6A0al3CjVfnoaW5kRrbA'
MyHealth33='T0205KkcMllhsjK9YXmez5VCCjVfnoaW5kRrbA'
MyHealth34='T010a0rPlqyP_QCjVfnoaW5kRrbA'
MyHealth35='T0225KkcRhsZ9FTWIEjyk_QPcgCjVfnoaW5kRrbA'

ForOtherHealth1="${MyHealth2}@${MyHealth3}@${MyHealth4}@${MyHealth5}@${MyHealth6}@${MyHealth7}@${MyHealth8}@${MyHealth9}"
ForOtherHealth2="${MyHealth1}@${MyHealth3}@${MyHealth4}@${MyHealth5}@${MyHealth6}@${MyHealth7}@${MyHealth8}@${MyHealth9}"
ForOtherHealth3="${MyHealth1}@${MyHealth4}@${MyHealth5}@${MyHealth6}@${MyHealth7}@${MyHealth8}@${MyHealth9}@${MyHealth10}"
ForOtherHealth4="${MyHealth1}@${MyHealth5}@${MyHealth6}@${MyHealth7}@${MyHealth8}@${MyHealth9}@${MyHealth10}@${MyHealth11}"
ForOtherHealth5="${MyHealth1}@${MyHealth6}@${MyHealth7}@${MyHealth8}@${MyHealth9}@${MyHealth10}@${MyHealth11}@${MyHealth12}"
ForOtherHealth6="${MyHealth1}@${MyHealth7}@${MyHealth8}@${MyHealth9}@${MyHealth10}@${MyHealth11}@${MyHealth12}@${MyHealth13}"
ForOtherHealth7="${MyHealth1}@${MyHealth8}@${MyHealth9}@${MyHealth10}@${MyHealth11}@${MyHealth12}@${MyHealth13}@${MyHealth14}"
ForOtherHealth8="${MyHealth1}@${MyHealth9}@${MyHealth10}@${MyHealth11}@${MyHealth12}@${MyHealth13}@${MyHealth14}@${MyHealth15}"
ForOtherHealth9="${MyHealth1}@${MyHealth10}@${MyHealth11}@${MyHealth12}@${MyHealth13}@${MyHealth14}@${MyHealth15}@${MyHealth16}"
ForOtherHealth10="${MyHealth1}@${MyHealth11}@${MyHealth12}@${MyHealth13}@${MyHealth14}@${MyHealth15}@${MyHealth16}@${MyHealth17}"
ForOtherHealth11="${MyHealth1}@${MyHealth12}@${MyHealth13}@${MyHealth14}@${MyHealth15}@${MyHealth16}@${MyHealth17}@${MyHealth18}"
ForOtherHealth12="${MyHealth1}@${MyHealth13}@${MyHealth14}@${MyHealth15}@${MyHealth16}@${MyHealth17}@${MyHealth18}@${MyHealth19}"
ForOtherHealth13="${MyHealth1}@${MyHealth14}@${MyHealth15}@${MyHealth16}@${MyHealth17}@${MyHealth18}@${MyHealth19}@${MyHealth20}"
ForOtherHealth14="${MyHealth1}@${MyHealth15}@${MyHealth16}@${MyHealth17}@${MyHealth18}@${MyHealth19}@${MyHealth20}@${MyHealth21}"
ForOtherHealth15="${MyHealth1}@${MyHealth16}@${MyHealth17}@${MyHealth18}@${MyHealth19}@${MyHealth20}@${MyHealth21}@${MyHealth22}"
ForOtherHealth16="${MyHealth1}@${MyHealth17}@${MyHealth18}@${MyHealth19}@${MyHealth20}@${MyHealth21}@${MyHealth22}@${MyHealth23}"
ForOtherHealth17="${MyHealth1}@${MyHealth18}@${MyHealth19}@${MyHealth20}@${MyHealth21}@${MyHealth22}@${MyHealth23}@${MyHealth24}"
ForOtherHealth18="${MyHealth1}@${MyHealth19}@${MyHealth20}@${MyHealth21}@${MyHealth22}@${MyHealth23}@${MyHealth24}@${MyHealth25}"
ForOtherHealth19="${MyHealth1}@${MyHealth20}@${MyHealth21}@${MyHealth22}@${MyHealth23}@${MyHealth24}@${MyHealth25}@${MyHealth26}"
ForOtherHealth20="${MyHealth1}@${MyHealth21}@${MyHealth22}@${MyHealth23}@${MyHealth24}@${MyHealth25}@${MyHealth26}@${MyHealth27}"
ForOtherHealth21="${MyHealth1}@${MyHealth22}@${MyHealth23}@${MyHealth24}@${MyHealth25}@${MyHealth26}@${MyHealth27}@${MyHealth28}"
ForOtherHealth22="${MyHealth1}@${MyHealth23}@${MyHealth24}@${MyHealth25}@${MyHealth26}@${MyHealth27}@${MyHealth28}@${MyHealth29}"
ForOtherHealth23="${MyHealth1}@${MyHealth24}@${MyHealth25}@${MyHealth26}@${MyHealth27}@${MyHealth28}@${MyHealth29}@${MyHealth30}"
ForOtherHealth24="${MyHealth1}@${MyHealth25}@${MyHealth26}@${MyHealth27}@${MyHealth28}@${MyHealth29}@${MyHealth30}@${MyHealth31}"
ForOtherHealth25="${MyHealth1}@${MyHealth26}@${MyHealth27}@${MyHealth28}@${MyHealth29}@${MyHealth30}@${MyHealth31}@${MyHealth32}"
ForOtherHealth26="${MyHealth1}@${MyHealth27}@${MyHealth28}@${MyHealth29}@${MyHealth30}@${MyHealth31}@${MyHealth32}@${MyHealth33}"
ForOtherHealth27="${MyHealth1}@${MyHealth28}@${MyHealth29}@${MyHealth30}@${MyHealth31}@${MyHealth32}@${MyHealth33}@${MyHealth34}"
ForOtherHealth28="${MyHealth1}@${MyHealth29}@${MyHealth30}@${MyHealth31}@${MyHealth32}@${MyHealth33}@${MyHealth34}@${MyHealth35}"
ForOtherHealth29="${MyHealth1}@${MyHealth30}@${MyHealth31}@${MyHealth32}@${MyHealth33}@${MyHealth34}@${MyHealth35}@${MyHealth1}"
ForOtherHealth30="${MyHealth1}@${MyHealth31}@${MyHealth32}@${MyHealth33}@${MyHealth34}@${MyHealth35}@${MyHealth1}@${MyHealth2}"
ForOtherHealth31="${MyHealth1}@${MyHealth32}@${MyHealth33}@${MyHealth34}@${MyHealth35}@${MyHealth1}@${MyHealth2}@${MyHealth3}"
ForOtherHealth32="${MyHealth1}@${MyHealth33}@${MyHealth34}@${MyHealth35}@${MyHealth1}@${MyHealth2}@${MyHealth3}@${MyHealth4}"
ForOtherHealth33="${MyHealth1}@${MyHealth34}@${MyHealth35}@${MyHealth1}@${MyHealth2}@${MyHealth3}@${MyHealth4}@${MyHealth5}"
ForOtherHealth34="${MyHealth1}@${MyHealth35}@${MyHealth1}@${MyHealth2}@${MyHealth3}@${MyHealth4}@${MyHealth5}@${MyHealth6}"
ForOtherHealth35="${MyHealth1}@${MyHealth1}@${MyHealth2}@${MyHealth3}@${MyHealth4}@${MyHealth5}@${MyHealth6}@${MyHealth7}"

## 摇钱树：
MyMoneyTree1='SWD3REPHdMW8grq4zlU0fw'
MyMoneyTree2='X6I716vcfZLh0KF_PjMpP8AdoUJQ3Dik'
MyMoneyTree3=''
MyMoneyTree4=''
MyMoneyTree5='l6i2sIDvP8msFkVoOJd2kMAdoUJQ3Dik'
MyMoneyTree6=''
MyMoneyTree7='LqKCfUkw2G-LBVI1WY9n9ESA4Bk2WD38'
MyMoneyTree8='Uy-Ns1rmaI-02sN8DnAZZcAdoUJQ3Dik'
MyMoneyTree9='TikVlwsh14yODohhZOxUScAdoUJQ3Dik'
MyMoneyTree10=''
MyMoneyTree11=''
MyMoneyTree12=''
MyMoneyTree13=''
MyMoneyTree14='jKK7MM-Efr1jgYyukPJqGQ'
MyMoneyTree15=''
MyMoneyTree16='P6RZR4jFAX_AHaFCUNw4pA'
MyMoneyTree17=''
MyMoneyTree18=''
MyMoneyTree19=''
MyMoneyTree20='S7w-DhWGHq7SWePE09vKYw'
MyMoneyTree21='bY6zZ78mIOutu3Vtc-VhCMAdoUJQ3Dik'
MyMoneyTree22=''
MyMoneyTree23='yHYJVRrwRhQ'
MyMoneyTree24=''
MyMoneyTree25='kLdLFi7fQq3yIt4AiR3ik8AdoUJQ3Dik'
MyMoneyTree26='66IfGQMniSINobWMrDSzW8AdoUJQ3Dik'
MyMoneyTree27='pOn8XiHRb4W3L33KCiAqXA'
MyMoneyTree28='9XmZcGh5NvAzyoFEWcGU8cAdoUJQ3Dik'
MyMoneyTree29=''
MyMoneyTree30=''
MyMoneyTree31='lEg_w926iIgFbQK_TgJ0LMAdoUJQ3Dik'
MyMoneyTree32='J4nf_ryk38nQXMduICBthw'
MyMoneyTree33=''
MyMoneyTree34='sj7o1Y3H-B0'
MyMoneyTree35=''

ForOtherMoneyTree1="${MyMoneyTree2}@${MyMoneyTree3}@${MyMoneyTree4}@${MyMoneyTree5}@${MyMoneyTree6}@${MyMoneyTree7}@${MyMoneyTree8}@${MyMoneyTree9}"
ForOtherMoneyTree2="${MyMoneyTree1}@${MyMoneyTree3}@${MyMoneyTree4}@${MyMoneyTree5}@${MyMoneyTree6}@${MyMoneyTree7}@${MyMoneyTree8}@${MyMoneyTree9}"
ForOtherMoneyTree3="${MyMoneyTree1}@${MyMoneyTree4}@${MyMoneyTree5}@${MyMoneyTree6}@${MyMoneyTree7}@${MyMoneyTree8}@${MyMoneyTree9}@${MyMoneyTree10}"
ForOtherMoneyTree4="${MyMoneyTree1}@${MyMoneyTree5}@${MyMoneyTree6}@${MyMoneyTree7}@${MyMoneyTree8}@${MyMoneyTree9}@${MyMoneyTree10}@${MyMoneyTree11}"
ForOtherMoneyTree5="${MyMoneyTree1}@${MyMoneyTree6}@${MyMoneyTree7}@${MyMoneyTree8}@${MyMoneyTree9}@${MyMoneyTree10}@${MyMoneyTree11}@${MyMoneyTree12}"
ForOtherMoneyTree6="${MyMoneyTree1}@${MyMoneyTree7}@${MyMoneyTree8}@${MyMoneyTree9}@${MyMoneyTree10}@${MyMoneyTree11}@${MyMoneyTree12}@${MyMoneyTree13}"
ForOtherMoneyTree7="${MyMoneyTree1}@${MyMoneyTree8}@${MyMoneyTree9}@${MyMoneyTree10}@${MyMoneyTree11}@${MyMoneyTree12}@${MyMoneyTree13}@${MyMoneyTree14}"
ForOtherMoneyTree8="${MyMoneyTree1}@${MyMoneyTree9}@${MyMoneyTree10}@${MyMoneyTree11}@${MyMoneyTree12}@${MyMoneyTree13}@${MyMoneyTree14}@${MyMoneyTree15}"
ForOtherMoneyTree9="${MyMoneyTree1}@${MyMoneyTree10}@${MyMoneyTree11}@${MyMoneyTree12}@${MyMoneyTree13}@${MyMoneyTree14}@${MyMoneyTree15}@${MyMoneyTree16}"
ForOtherMoneyTree10="${MyMoneyTree1}@${MyMoneyTree11}@${MyMoneyTree12}@${MyMoneyTree13}@${MyMoneyTree14}@${MyMoneyTree15}@${MyMoneyTree16}@${MyMoneyTree17}"
ForOtherMoneyTree11="${MyMoneyTree1}@${MyMoneyTree12}@${MyMoneyTree13}@${MyMoneyTree14}@${MyMoneyTree15}@${MyMoneyTree16}@${MyMoneyTree17}@${MyMoneyTree18}"
ForOtherMoneyTree12="${MyMoneyTree1}@${MyMoneyTree13}@${MyMoneyTree14}@${MyMoneyTree15}@${MyMoneyTree16}@${MyMoneyTree17}@${MyMoneyTree18}@${MyMoneyTree19}"
ForOtherMoneyTree13="${MyMoneyTree1}@${MyMoneyTree14}@${MyMoneyTree15}@${MyMoneyTree16}@${MyMoneyTree17}@${MyMoneyTree18}@${MyMoneyTree19}@${MyMoneyTree20}"
ForOtherMoneyTree14="${MyMoneyTree1}@${MyMoneyTree15}@${MyMoneyTree16}@${MyMoneyTree17}@${MyMoneyTree18}@${MyMoneyTree19}@${MyMoneyTree20}@${MyMoneyTree21}"
ForOtherMoneyTree15="${MyMoneyTree1}@${MyMoneyTree16}@${MyMoneyTree17}@${MyMoneyTree18}@${MyMoneyTree19}@${MyMoneyTree20}@${MyMoneyTree21}@${MyMoneyTree22}"
ForOtherMoneyTree16="${MyMoneyTree1}@${MyMoneyTree17}@${MyMoneyTree18}@${MyMoneyTree19}@${MyMoneyTree20}@${MyMoneyTree21}@${MyMoneyTree22}@${MyMoneyTree23}"
ForOtherMoneyTree17="${MyMoneyTree1}@${MyMoneyTree18}@${MyMoneyTree19}@${MyMoneyTree20}@${MyMoneyTree21}@${MyMoneyTree22}@${MyMoneyTree23}@${MyMoneyTree24}"
ForOtherMoneyTree18="${MyMoneyTree1}@${MyMoneyTree19}@${MyMoneyTree20}@${MyMoneyTree21}@${MyMoneyTree22}@${MyMoneyTree23}@${MyMoneyTree24}@${MyMoneyTree25}"
ForOtherMoneyTree19="${MyMoneyTree1}@${MyMoneyTree20}@${MyMoneyTree21}@${MyMoneyTree22}@${MyMoneyTree23}@${MyMoneyTree24}@${MyMoneyTree25}@${MyMoneyTree26}"
ForOtherMoneyTree20="${MyMoneyTree1}@${MyMoneyTree21}@${MyMoneyTree22}@${MyMoneyTree23}@${MyMoneyTree24}@${MyMoneyTree25}@${MyMoneyTree26}@${MyMoneyTree27}"
ForOtherMoneyTree21="${MyMoneyTree1}@${MyMoneyTree22}@${MyMoneyTree23}@${MyMoneyTree24}@${MyMoneyTree25}@${MyMoneyTree26}@${MyMoneyTree27}@${MyMoneyTree28}"
ForOtherMoneyTree22="${MyMoneyTree1}@${MyMoneyTree23}@${MyMoneyTree24}@${MyMoneyTree25}@${MyMoneyTree26}@${MyMoneyTree27}@${MyMoneyTree28}@${MyMoneyTree29}"
ForOtherMoneyTree23="${MyMoneyTree1}@${MyMoneyTree24}@${MyMoneyTree25}@${MyMoneyTree26}@${MyMoneyTree27}@${MyMoneyTree28}@${MyMoneyTree29}@${MyMoneyTree30}"
ForOtherMoneyTree24="${MyMoneyTree1}@${MyMoneyTree25}@${MyMoneyTree26}@${MyMoneyTree27}@${MyMoneyTree28}@${MyMoneyTree29}@${MyMoneyTree30}@${MyMoneyTree31}"
ForOtherMoneyTree25="${MyMoneyTree1}@${MyMoneyTree26}@${MyMoneyTree27}@${MyMoneyTree28}@${MyMoneyTree29}@${MyMoneyTree30}@${MyMoneyTree31}@${MyMoneyTree32}"
ForOtherMoneyTree26="${MyMoneyTree1}@${MyMoneyTree27}@${MyMoneyTree28}@${MyMoneyTree29}@${MyMoneyTree30}@${MyMoneyTree31}@${MyMoneyTree32}@${MyMoneyTree33}"
ForOtherMoneyTree27="${MyMoneyTree1}@${MyMoneyTree28}@${MyMoneyTree29}@${MyMoneyTree30}@${MyMoneyTree31}@${MyMoneyTree32}@${MyMoneyTree33}@${MyMoneyTree34}"
ForOtherMoneyTree28="${MyMoneyTree1}@${MyMoneyTree29}@${MyMoneyTree30}@${MyMoneyTree31}@${MyMoneyTree32}@${MyMoneyTree33}@${MyMoneyTree34}@${MyMoneyTree35}"
ForOtherMoneyTree29="${MyMoneyTree1}@${MyMoneyTree30}@${MyMoneyTree31}@${MyMoneyTree32}@${MyMoneyTree33}@${MyMoneyTree34}@${MyMoneyTree35}@${MyMoneyTree1}"
ForOtherMoneyTree30="${MyMoneyTree1}@${MyMoneyTree31}@${MyMoneyTree32}@${MyMoneyTree33}@${MyMoneyTree34}@${MyMoneyTree35}@${MyMoneyTree1}@${MyMoneyTree2}"
ForOtherMoneyTree31="${MyMoneyTree1}@${MyMoneyTree32}@${MyMoneyTree33}@${MyMoneyTree34}@${MyMoneyTree35}@${MyMoneyTree1}@${MyMoneyTree2}@${MyMoneyTree3}"
ForOtherMoneyTree32="${MyMoneyTree1}@${MyMoneyTree33}@${MyMoneyTree34}@${MyMoneyTree35}@${MyMoneyTree1}@${MyMoneyTree2}@${MyMoneyTree3}@${MyMoneyTree4}"
ForOtherMoneyTree33="${MyMoneyTree1}@${MyMoneyTree34}@${MyMoneyTree35}@${MyMoneyTree1}@${MyMoneyTree2}@${MyMoneyTree3}@${MyMoneyTree4}@${MyMoneyTree5}"
ForOtherMoneyTree34="${MyMoneyTree1}@${MyMoneyTree35}@${MyMoneyTree1}@${MyMoneyTree2}@${MyMoneyTree3}@${MyMoneyTree4}@${MyMoneyTree5}@${MyMoneyTree6}"
ForOtherMoneyTree35="${MyMoneyTree1}@${MyMoneyTree1}@${MyMoneyTree2}@${MyMoneyTree3}@${MyMoneyTree4}@${MyMoneyTree5}@${MyMoneyTree6}@${MyMoneyTree7}"

